[INFO] Scanning for projects...
[INFO] 
[INFO] ---------------------< com.example.mzp:fairshare1 >---------------------
[INFO] Building fairshare1 0.0.1-SNAPSHOT
[INFO]   from pom.xml
[INFO] --------------------------------[ jar ]---------------------------------
[INFO] 
[INFO] >>> spring-boot:3.3.3:run (default-cli) > test-compile @ fairshare1 >>>
[INFO] 
[INFO] --- resources:3.3.1:resources (default-resources) @ fairshare1 ---
[INFO] Copying 1 resource from src\main\resources to target\classes
[INFO] Copying 0 resource from src\main\resources to target\classes
[INFO] 
[INFO] --- compiler:3.13.0:compile (default-compile) @ fairshare1 ---
[INFO] Nothing to compile - all classes are up to date.
[INFO] 
[INFO] --- resources:3.3.1:testResources (default-testResources) @ fairshare1 ---
[INFO] skip non existing resourceDirectory C:\Users\Marishka\Desktop\JS\fairshareFinal\fairshare1\src\test\resources
[INFO] 
[INFO] --- compiler:3.13.0:testCompile (default-testCompile) @ fairshare1 ---
[INFO] Nothing to compile - all classes are up to date.
[INFO] 
[INFO] <<< spring-boot:3.3.3:run (default-cli) < test-compile @ fairshare1 <<<
[INFO] 
[INFO] 
[INFO] --- spring-boot:3.3.3:run (default-cli) @ fairshare1 ---
[INFO] Attaching agents: []

  .   ____          _            __ _ _
 /\\ / ___'_ __ _ _(_)_ __  __ _ \ \ \ \
( ( )\___ | '_ | '_| | '_ \/ _` | \ \ \ \
 \\/  ___)| |_)| | | | | || (_| |  ) ) ) )
  '  |____| .__|_| |_|_| |_\__, | / / / /
 =========|_|==============|___/=/_/_/_/

 :: Spring Boot ::                (v3.3.3)

2025-12-07T23:34:19.269+08:00  INFO 20664 --- [  restartedMain] c.e.m.fairshare1.Fairshare1Application   : Starting Fairshare1Application using Java 23.0.1 with PID 20664 (C:\Users\Marishka\Desktop\JS\fairshareFinal\fairshare1\target\classes started by Marishka in C:\Users\Marishka\Desktop\JS\fairshareFinal\fairshare1)
2025-12-07T23:34:19.271+08:00  INFO 20664 --- [  restartedMain] c.e.m.fairshare1.Fairshare1Application   : No active profile set, falling back to 1 default profile: "default"
2025-12-07T23:34:19.379+08:00  INFO 20664 --- [  restartedMain] .e.DevToolsPropertyDefaultsPostProcessor : Devtools property defaults active! Set 'spring.devtools.add-properties' to 'false' to disable
2025-12-07T23:34:19.379+08:00  INFO 20664 --- [  restartedMain] .e.DevToolsPropertyDefaultsPostProcessor : For additional web related logging consider setting the 'logging.level.web' property to 'DEBUG'
2025-12-07T23:34:20.177+08:00  INFO 20664 --- [  restartedMain] .s.d.r.c.RepositoryConfigurationDelegate : Bootstrapping Spring Data JPA repositories in DEFAULT mode.
2025-12-07T23:34:20.255+08:00  INFO 20664 --- [  restartedMain] .s.d.r.c.RepositoryConfigurationDelegate : Finished Spring Data repository scanning in 68 ms. Found 5 JPA repository interfaces.
2025-12-07T23:34:20.847+08:00  INFO 20664 --- [  restartedMain] o.s.b.w.embedded.tomcat.TomcatWebServer  : Tomcat initialized with port 8080 (http)
2025-12-07T23:34:20.867+08:00  INFO 20664 --- [  restartedMain] o.apache.catalina.core.StandardService   : Starting service [Tomcat]
2025-12-07T23:34:20.867+08:00  INFO 20664 --- [  restartedMain] o.apache.catalina.core.StandardEngine    : Starting Servlet engine: [Apache Tomcat/10.1.28]
2025-12-07T23:34:20.916+08:00  INFO 20664 --- [  restartedMain] o.a.c.c.C.[Tomcat].[localhost].[/]       : Initializing Spring embedded WebApplicationContext
2025-12-07T23:34:20.917+08:00  INFO 20664 --- [  restartedMain] w.s.c.ServletWebServerApplicationContext : Root WebApplicationContext: initialization completed in 1537 ms
2025-12-07T23:34:21.117+08:00  INFO 20664 --- [  restartedMain] o.hibernate.jpa.internal.util.LogHelper  : HHH000204: Processing PersistenceUnitInfo [name: default]
2025-12-07T23:34:21.197+08:00  INFO 20664 --- [  restartedMain] org.hibernate.Version                    : HHH000412: Hibernate ORM core version 6.5.2.Final
2025-12-07T23:34:21.232+08:00  INFO 20664 --- [  restartedMain] o.h.c.internal.RegionFactoryInitiator    : HHH000026: Second-level cache disabled
2025-12-07T23:34:21.597+08:00  INFO 20664 --- [  restartedMain] o.s.o.j.p.SpringPersistenceUnitInfo      : No LoadTimeWeaver setup: ignoring JPA class transformer
2025-12-07T23:34:21.636+08:00  INFO 20664 --- [  restartedMain] com.zaxxer.hikari.HikariDataSource       : HikariPool-1 - Starting...
2025-12-07T23:34:21.662+08:00  INFO 20664 --- [  restartedMain] com.zaxxer.hikari.HikariDataSource       : HikariPool-1 - Start completed.
2025-12-07T23:34:22.239+08:00  WARN 20664 --- [  restartedMain] org.hibernate.orm.deprecation            : HHH90000025: MySQLDialect does not need to be specified explicitly using 'hibernate.dialect' (remove the property setting and it will be selected by default)
2025-12-07T23:34:23.323+08:00  INFO 20664 --- [  restartedMain] o.h.e.t.j.p.i.JtaPlatformInitiator       : HHH000489: No JTA platform available (set 'hibernate.transaction.jta.platform' to enable JTA platform integration)
Hibernate: 
    alter table users 
       modify column profile_picture LONGTEXT
2025-12-07T23:34:23.541+08:00  INFO 20664 --- [  restartedMain] j.LocalContainerEntityManagerFactoryBean : Initialized JPA EntityManagerFactory for persistence unit 'default'
2025-12-07T23:34:24.136+08:00  WARN 20664 --- [  restartedMain] JpaBaseConfiguration$JpaWebConfiguration : spring.jpa.open-in-view is enabled by default. Therefore, database queries may be performed during view rendering. Explicitly configure spring.jpa.open-in-view to disable this warning
2025-12-07T23:34:24.502+08:00  INFO 20664 --- [  restartedMain] o.s.b.d.a.OptionalLiveReloadServer       : LiveReload server is running on port 35729
2025-12-07T23:34:24.539+08:00  INFO 20664 --- [  restartedMain] o.s.b.w.embedded.tomcat.TomcatWebServer  : Tomcat started on port 8080 (http) with context path '/'
2025-12-07T23:34:24.548+08:00  INFO 20664 --- [  restartedMain] c.e.m.fairshare1.Fairshare1Application   : Started Fairshare1Application in 5.876 seconds (process running for 6.797)
2025-12-07T23:34:43.866+08:00  INFO 20664 --- [nio-8080-exec-1] o.a.c.c.C.[Tomcat].[localhost].[/]       : Initializing Spring DispatcherServlet 'dispatcherServlet'
2025-12-07T23:34:43.867+08:00  INFO 20664 --- [nio-8080-exec-1] o.s.web.servlet.DispatcherServlet        : Initializing Servlet 'dispatcherServlet'
2025-12-07T23:34:43.867+08:00  INFO 20664 --- [nio-8080-exec-1] o.s.web.servlet.DispatcherServlet        : Completed initialization in 0 ms
Hibernate: 
    select
        u1_0.id,
        u1_0.birthdate,
        u1_0.email,
        u1_0.name,
        u1_0.gender,
        u1_0.password,
        u1_0.profile_picture 
    from
        users u1_0 
    where
        u1_0.id=?
Hibernate: 
    select
        n1_0.id,
        n1_0.created_at,
        n1_0.group_id,
        n1_0.recipient_id,
        n1_0.sender_id,
        n1_0.status,
        n1_0.type 
    from
        notifications n1_0 
    where
        n1_0.recipient_id=? 
    order by
        n1_0.created_at desc
Hibernate: 
    select
        u1_0.id,
        u1_0.birthdate,
        u1_0.email,
        u1_0.name,
        u1_0.gender,
        u1_0.password,
        u1_0.profile_picture 
    from
        users u1_0 
    where
        u1_0.id=?
Hibernate: 
    select
        u1_0.id,
        u1_0.birthdate,
        u1_0.email,
        u1_0.name,
        u1_0.gender,
        u1_0.password,
        u1_0.profile_picture 
    from
        users u1_0 
    where
        u1_0.id=?
Hibernate: 
    select
        n1_0.id,
        n1_0.created_at,
        n1_0.group_id,
        n1_0.recipient_id,
        n1_0.sender_id,
        n1_0.status,
        n1_0.type 
    from
        notifications n1_0 
    where
        n1_0.recipient_id=? 
    order by
        n1_0.created_at desc
Hibernate: 
    select
        u1_0.id,
        u1_0.birthdate,
        u1_0.email,
        u1_0.name,
        u1_0.gender,
        u1_0.password,
        u1_0.profile_picture 
    from
        users u1_0 
    where
        u1_0.id=?
Hibernate: 
    select
        g1_0.id,
        g1_0.code,
        g1_0.name 
    from
        groups_table g1_0
Hibernate: 
    select
        m1_0.group_id,
        m1_1.id,
        m1_1.birthdate,
        m1_1.email,
        m1_1.name,
        m1_1.gender,
        m1_1.password,
        m1_1.profile_picture 
    from
        group_members m1_0 
    join
        users m1_1 
            on m1_1.id=m1_0.user_id 
    where
        m1_0.group_id=?
Hibernate: 
    select
        n1_0.id,
        n1_0.created_at,
        n1_0.group_id,
        n1_0.recipient_id,
        n1_0.sender_id,
        n1_0.status,
        n1_0.type 
    from
        notifications n1_0 
    where
        n1_0.recipient_id=? 
    order by
        n1_0.created_at desc
Hibernate: 
    select
        u1_0.id,
        u1_0.birthdate,
        u1_0.email,
        u1_0.name,
        u1_0.gender,
        u1_0.password,
        u1_0.profile_picture 
    from
        users u1_0 
    where
        u1_0.id=?
Hibernate: 
    select
        e1_0.id,
        e1_0.amount,
        e1_0.date,
        e1_0.description,
        e1_0.group_id,
        e1_0.paid_by_id,
        e1_0.title 
    from
        expenses e1_0 
    where
        e1_0.group_id=?
Hibernate: 
    select
        c1_0.id,
        c1_0.assigned_to_id,
        c1_0.description,
        c1_0.due_date,
        c1_0.group_id,
        c1_0.status,
        c1_0.title 
    from
        chores c1_0 
    where
        c1_0.group_id=?
Hibernate: 
    select
        g1_0.id,
        g1_0.code,
        m1_0.group_id,
        m1_1.id,
        m1_1.birthdate,
        m1_1.email,
        m1_1.name,
        m1_1.gender,
        m1_1.password,
        m1_1.profile_picture,
        g1_0.name 
    from
        groups_table g1_0 
    left join
        group_members m1_0 
            on g1_0.id=m1_0.group_id 
    left join
        users m1_1 
            on m1_1.id=m1_0.user_id 
    where
        g1_0.id=?
Hibernate: 
    select
        u1_0.id,
        u1_0.birthdate,
        u1_0.email,
        u1_0.name,
        u1_0.gender,
        u1_0.password,
        u1_0.profile_picture 
    from
        users u1_0 
    where
        u1_0.id=?
Hibernate: 
    select
        g1_0.id,
        g1_0.code,
        g1_0.name 
    from
        groups_table g1_0
Hibernate: 
    select
        m1_0.group_id,
        m1_1.id,
        m1_1.birthdate,
        m1_1.email,
        m1_1.name,
        m1_1.gender,
        m1_1.password,
        m1_1.profile_picture 
    from
        group_members m1_0 
    join
        users m1_1 
            on m1_1.id=m1_0.user_id 
    where
        m1_0.group_id=?
Hibernate: 
    select
        g1_0.id,
        g1_0.code,
        m1_0.group_id,
        m1_1.id,
        m1_1.birthdate,
        m1_1.email,
        m1_1.name,
        m1_1.gender,
        m1_1.password,
        m1_1.profile_picture,
        g1_0.name 
    from
        groups_table g1_0 
    left join
        group_members m1_0 
            on g1_0.id=m1_0.group_id 
    left join
        users m1_1 
            on m1_1.id=m1_0.user_id 
    where
        g1_0.id=?
Hibernate: 
    select
        e1_0.id,
        e1_0.amount,
        e1_0.date,
        e1_0.description,
        e1_0.group_id,
        e1_0.paid_by_id,
        e1_0.title 
    from
        expenses e1_0 
    where
        e1_0.group_id=?
Hibernate: 
    select
        g1_0.id,
        g1_0.code,
        m1_0.group_id,
        m1_1.id,
        m1_1.birthdate,
        m1_1.email,
        m1_1.name,
        m1_1.gender,
        m1_1.password,
        m1_1.profile_picture,
        g1_0.name 
    from
        groups_table g1_0 
    left join
        group_members m1_0 
            on g1_0.id=m1_0.group_id 
    left join
        users m1_1 
            on m1_1.id=m1_0.user_id 
    where
        g1_0.id=?
Hibernate: 
    select
        u1_0.id,
        u1_0.birthdate,
        u1_0.email,
        u1_0.name,
        u1_0.gender,
        u1_0.password,
        u1_0.profile_picture 
    from
        users u1_0 
    where
        u1_0.id=?
Hibernate: 
    select
        c1_0.id,
        c1_0.assigned_to_id,
        c1_0.description,
        c1_0.due_date,
        c1_0.group_id,
        c1_0.status,
        c1_0.title 
    from
        chores c1_0 
    where
        c1_0.group_id=?
Hibernate: 
    select
        u1_0.id,
        u1_0.birthdate,
        u1_0.email,
        u1_0.name,
        u1_0.gender,
        u1_0.password,
        u1_0.profile_picture 
    from
        users u1_0 
    where
        u1_0.id=?
Hibernate: 
    select
        g1_0.id,
        g1_0.code,
        m1_0.group_id,
        m1_1.id,
        m1_1.birthdate,
        m1_1.email,
        m1_1.name,
        m1_1.gender,
        m1_1.password,
        m1_1.profile_picture,
        g1_0.name 
    from
        groups_table g1_0 
    left join
        group_members m1_0 
            on g1_0.id=m1_0.group_id 
    left join
        users m1_1 
            on m1_1.id=m1_0.user_id 
    where
        g1_0.id=?
Hibernate: 
    select
        u1_0.id,
        u1_0.birthdate,
        u1_0.email,
        u1_0.name,
        u1_0.gender,
        u1_0.password,
        u1_0.profile_picture 
    from
        users u1_0 
    where
        u1_0.id=?
Hibernate: 
    select
        u1_0.id,
        u1_0.birthdate,
        u1_0.email,
        u1_0.name,
        u1_0.gender,
        u1_0.password,
        u1_0.profile_picture 
    from
        users u1_0 
    where
        u1_0.id=?
Hibernate: 
    select
        u1_0.id,
        u1_0.birthdate,
        u1_0.email,
        u1_0.name,
        u1_0.gender,
        u1_0.password,
        u1_0.profile_picture 
    from
        users u1_0 
    where
        u1_0.email=?
Hibernate: 
    select
        g1_0.id,
        g1_0.code,
        m1_0.group_id,
        m1_1.id,
        m1_1.birthdate,
        m1_1.email,
        m1_1.name,
        m1_1.gender,
        m1_1.password,
        m1_1.profile_picture,
        g1_0.name 
    from
        groups_table g1_0 
    left join
        group_members m1_0 
            on g1_0.id=m1_0.group_id 
    left join
        users m1_1 
            on m1_1.id=m1_0.user_id 
    where
        g1_0.id=?
Hibernate: 
    insert 
    into
        notifications
        (created_at, group_id, recipient_id, sender_id, status, type) 
    values
        (?, ?, ?, ?, ?, ?)
Hibernate: 
    select
        u1_0.id,
        u1_0.birthdate,
        u1_0.email,
        u1_0.name,
        u1_0.gender,
        u1_0.password,
        u1_0.profile_picture 
    from
        users u1_0 
    where
        u1_0.email=?
Hibernate: 
    select
        u1_0.id,
        u1_0.birthdate,
        u1_0.email,
        u1_0.name,
        u1_0.gender,
        u1_0.password,
        u1_0.profile_picture 
    from
        users u1_0 
    where
        u1_0.id=?
Hibernate: 
    select
        u1_0.id,
        u1_0.birthdate,
        u1_0.email,
        u1_0.name,
        u1_0.gender,
        u1_0.password,
        u1_0.profile_picture 
    from
        users u1_0 
    where
        u1_0.id=?
Hibernate: 
    select
        g1_0.id,
        g1_0.code,
        g1_0.name 
    from
        groups_table g1_0
Hibernate: 
    select
        m1_0.group_id,
        m1_1.id,
        m1_1.birthdate,
        m1_1.email,
        m1_1.name,
        m1_1.gender,
        m1_1.password,
        m1_1.profile_picture 
    from
        group_members m1_0 
    join
        users m1_1 
            on m1_1.id=m1_0.user_id 
    where
        m1_0.group_id=?
Hibernate: 
    select
        n1_0.id,
        n1_0.created_at,
        n1_0.group_id,
        n1_0.recipient_id,
        n1_0.sender_id,
        n1_0.status,
        n1_0.type 
    from
        notifications n1_0 
    where
        n1_0.recipient_id=? 
    order by
        n1_0.created_at desc
Hibernate: 
    select
        g1_0.id,
        g1_0.code,
        m1_0.group_id,
        m1_1.id,
        m1_1.birthdate,
        m1_1.email,
        m1_1.name,
        m1_1.gender,
        m1_1.password,
        m1_1.profile_picture,
        g1_0.name 
    from
        groups_table g1_0 
    left join
        group_members m1_0 
            on g1_0.id=m1_0.group_id 
    left join
        users m1_1 
            on m1_1.id=m1_0.user_id 
    where
        g1_0.id=?
Hibernate: 
    select
        n1_0.id,
        n1_0.created_at,
        g1_0.id,
        g1_0.code,
        m1_0.group_id,
        m1_1.id,
        m1_1.birthdate,
        m1_1.email,
        m1_1.name,
        m1_1.gender,
        m1_1.password,
        m1_1.profile_picture,
        g1_0.name,
        n1_0.recipient_id,
        r1_0.id,
        r1_0.birthdate,
        r1_0.email,
        r1_0.name,
        r1_0.gender,
        r1_0.password,
        r1_0.profile_picture,
        n1_0.sender_id,
        s1_0.id,
        s1_0.birthdate,
        s1_0.email,
        s1_0.name,
        s1_0.gender,
        s1_0.password,
        s1_0.profile_picture,
        n1_0.status,
        n1_0.type 
    from
        notifications n1_0 
    left join
        groups_table g1_0 
            on g1_0.id=n1_0.group_id 
    left join
        group_members m1_0 
            on g1_0.id=m1_0.group_id 
    left join
        users m1_1 
            on m1_1.id=m1_0.user_id 
    join
        users r1_0 
            on r1_0.id=n1_0.recipient_id 
    join
        users s1_0 
            on s1_0.id=n1_0.sender_id 
    where
        n1_0.id=?
Hibernate: 
    update
        notifications 
    set
        created_at=?,
        group_id=?,
        recipient_id=?,
        sender_id=?,
        status=?,
        type=? 
    where
        id=?
Hibernate: 
    insert 
    into
        group_members
        (group_id, user_id) 
    values
        (?, ?)
Hibernate: 
    select
        u1_0.id,
        u1_0.birthdate,
        u1_0.email,
        u1_0.name,
        u1_0.gender,
        u1_0.password,
        u1_0.profile_picture 
    from
        users u1_0 
    where
        u1_0.id=?
Hibernate: 
    select
        u1_0.id,
        u1_0.birthdate,
        u1_0.email,
        u1_0.name,
        u1_0.gender,
        u1_0.password,
        u1_0.profile_picture 
    from
        users u1_0 
    where
        u1_0.id=?
Hibernate: 
    select
        n1_0.id,
        n1_0.created_at,
        n1_0.group_id,
        n1_0.recipient_id,
        n1_0.sender_id,
        n1_0.status,
        n1_0.type 
    from
        notifications n1_0 
    where
        n1_0.recipient_id=? 
    order by
        n1_0.created_at desc
Hibernate: 
    select
        g1_0.id,
        g1_0.code,
        g1_0.name 
    from
        groups_table g1_0
Hibernate: 
    select
        m1_0.group_id,
        m1_1.id,
        m1_1.birthdate,
        m1_1.email,
        m1_1.name,
        m1_1.gender,
        m1_1.password,
        m1_1.profile_picture 
    from
        group_members m1_0 
    join
        users m1_1 
            on m1_1.id=m1_0.user_id 
    where
        m1_0.group_id=?
Hibernate: 
    select
        g1_0.id,
        g1_0.code,
        m1_0.group_id,
        m1_1.id,
        m1_1.birthdate,
        m1_1.email,
        m1_1.name,
        m1_1.gender,
        m1_1.password,
        m1_1.profile_picture,
        g1_0.name 
    from
        groups_table g1_0 
    left join
        group_members m1_0 
            on g1_0.id=m1_0.group_id 
    left join
        users m1_1 
            on m1_1.id=m1_0.user_id 
    where
        g1_0.id=?
Hibernate: 
    select
        c1_0.id,
        c1_0.assigned_to_id,
        c1_0.description,
        c1_0.due_date,
        c1_0.group_id,
        c1_0.status,
        c1_0.title 
    from
        chores c1_0 
    where
        c1_0.group_id=?
Hibernate: 
    select
        e1_0.id,
        e1_0.amount,
        e1_0.date,
        e1_0.description,
        e1_0.group_id,
        e1_0.paid_by_id,
        e1_0.title 
    from
        expenses e1_0 
    where
        e1_0.group_id=?
Hibernate: 
    select
        u1_0.id,
        u1_0.birthdate,
        u1_0.email,
        u1_0.name,
        u1_0.gender,
        u1_0.password,
        u1_0.profile_picture 
    from
        users u1_0 
    where
        u1_0.id=?
Hibernate: 
    select
        g1_0.id,
        g1_0.code,
        m1_0.group_id,
        m1_1.id,
        m1_1.birthdate,
        m1_1.email,
        m1_1.name,
        m1_1.gender,
        m1_1.password,
        m1_1.profile_picture,
        g1_0.name 
    from
        groups_table g1_0 
    left join
        group_members m1_0 
            on g1_0.id=m1_0.group_id 
    left join
        users m1_1 
            on m1_1.id=m1_0.user_id 
    where
        g1_0.id=?
Hibernate: 
    select
        g1_0.id,
        g1_0.code,
        m1_0.group_id,
        m1_1.id,
        m1_1.birthdate,
        m1_1.email,
        m1_1.name,
        m1_1.gender,
        m1_1.password,
        m1_1.profile_picture,
        g1_0.name 
    from
        groups_table g1_0 
    left join
        group_members m1_0 
            on g1_0.id=m1_0.group_id 
    left join
        users m1_1 
            on m1_1.id=m1_0.user_id 
    where
        g1_0.id=?
Hibernate: 
    select
        n1_0.id,
        n1_0.created_at,
        g1_0.id,
        g1_0.code,
        m1_0.group_id,
        m1_1.id,
        m1_1.birthdate,
        m1_1.email,
        m1_1.name,
        m1_1.gender,
        m1_1.password,
        m1_1.profile_picture,
        g1_0.name,
        n1_0.recipient_id,
        r1_0.id,
        r1_0.birthdate,
        r1_0.email,
        r1_0.name,
        r1_0.gender,
        r1_0.password,
        r1_0.profile_picture,
        n1_0.sender_id,
        s1_0.id,
        s1_0.birthdate,
        s1_0.email,
        s1_0.name,
        s1_0.gender,
        s1_0.password,
        s1_0.profile_picture,
        n1_0.status,
        n1_0.type 
    from
        notifications n1_0 
    left join
        groups_table g1_0 
            on g1_0.id=n1_0.group_id 
    left join
        group_members m1_0 
            on g1_0.id=m1_0.group_id 
    left join
        users m1_1 
            on m1_1.id=m1_0.user_id 
    join
        users r1_0 
            on r1_0.id=n1_0.recipient_id 
    join
        users s1_0 
            on s1_0.id=n1_0.sender_id 
    where
        n1_0.id=?
Hibernate: 
    select
        n1_0.id,
        n1_0.created_at,
        g1_0.id,
        g1_0.code,
        m1_0.group_id,
        m1_1.id,
        m1_1.birthdate,
        m1_1.email,
        m1_1.name,
        m1_1.gender,
        m1_1.password,
        m1_1.profile_picture,
        g1_0.name,
        n1_0.recipient_id,
        r1_0.id,
        r1_0.birthdate,
        r1_0.email,
        r1_0.name,
        r1_0.gender,
        r1_0.password,
        r1_0.profile_picture,
        n1_0.sender_id,
        s1_0.id,
        s1_0.birthdate,
        s1_0.email,
        s1_0.name,
        s1_0.gender,
        s1_0.password,
        s1_0.profile_picture,
        n1_0.status,
        n1_0.type 
    from
        notifications n1_0 
    left join
        groups_table g1_0 
            on g1_0.id=n1_0.group_id 
    left join
        group_members m1_0 
            on g1_0.id=m1_0.group_id 
    left join
        users m1_1 
            on m1_1.id=m1_0.user_id 
    join
        users r1_0 
            on r1_0.id=n1_0.recipient_id 
    join
        users s1_0 
            on s1_0.id=n1_0.sender_id 
    where
        n1_0.id=?
Hibernate: 
    select
        n1_0.id,
        n1_0.created_at,
        g1_0.id,
        g1_0.code,
        m1_0.group_id,
        m1_1.id,
        m1_1.birthdate,
        m1_1.email,
        m1_1.name,
        m1_1.gender,
        m1_1.password,
        m1_1.profile_picture,
        g1_0.name,
        n1_0.recipient_id,
        r1_0.id,
        r1_0.birthdate,
        r1_0.email,
        r1_0.name,
        r1_0.gender,
        r1_0.password,
        r1_0.profile_picture,
        n1_0.sender_id,
        s1_0.id,
        s1_0.birthdate,
        s1_0.email,
        s1_0.name,
        s1_0.gender,
        s1_0.password,
        s1_0.profile_picture,
        n1_0.status,
        n1_0.type 
    from
        notifications n1_0 
    left join
        groups_table g1_0 
            on g1_0.id=n1_0.group_id 
    left join
        group_members m1_0 
            on g1_0.id=m1_0.group_id 
    left join
        users m1_1 
            on m1_1.id=m1_0.user_id 
    join
        users r1_0 
            on r1_0.id=n1_0.recipient_id 
    join
        users s1_0 
            on s1_0.id=n1_0.sender_id 
    where
        n1_0.id=?
Hibernate: 
    select
        n1_0.id,
        n1_0.created_at,
        g1_0.id,
        g1_0.code,
        m1_0.group_id,
        m1_1.id,
        m1_1.birthdate,
        m1_1.email,
        m1_1.name,
        m1_1.gender,
        m1_1.password,
        m1_1.profile_picture,
        g1_0.name,
        n1_0.recipient_id,
        r1_0.id,
        r1_0.birthdate,
        r1_0.email,
        r1_0.name,
        r1_0.gender,
        r1_0.password,
        r1_0.profile_picture,
        n1_0.sender_id,
        s1_0.id,
        s1_0.birthdate,
        s1_0.email,
        s1_0.name,
        s1_0.gender,
        s1_0.password,
        s1_0.profile_picture,
        n1_0.status,
        n1_0.type 
    from
        notifications n1_0 
    left join
        groups_table g1_0 
            on g1_0.id=n1_0.group_id 
    left join
        group_members m1_0 
            on g1_0.id=m1_0.group_id 
    left join
        users m1_1 
            on m1_1.id=m1_0.user_id 
    join
        users r1_0 
            on r1_0.id=n1_0.recipient_id 
    join
        users s1_0 
            on s1_0.id=n1_0.sender_id 
    where
        n1_0.id=?
Hibernate: 
    select
        n1_0.id,
        n1_0.created_at,
        g1_0.id,
        g1_0.code,
        m1_0.group_id,
        m1_1.id,
        m1_1.birthdate,
        m1_1.email,
        m1_1.name,
        m1_1.gender,
        m1_1.password,
        m1_1.profile_picture,
        g1_0.name,
        n1_0.recipient_id,
        r1_0.id,
        r1_0.birthdate,
        r1_0.email,
        r1_0.name,
        r1_0.gender,
        r1_0.password,
        r1_0.profile_picture,
        n1_0.sender_id,
        s1_0.id,
        s1_0.birthdate,
        s1_0.email,
        s1_0.name,
        s1_0.gender,
        s1_0.password,
        s1_0.profile_picture,
        n1_0.status,
        n1_0.type 
    from
        notifications n1_0 
    left join
        groups_table g1_0 
            on g1_0.id=n1_0.group_id 
    left join
        group_members m1_0 
            on g1_0.id=m1_0.group_id 
    left join
        users m1_1 
            on m1_1.id=m1_0.user_id 
    join
        users r1_0 
            on r1_0.id=n1_0.recipient_id 
    join
        users s1_0 
            on s1_0.id=n1_0.sender_id 
    where
        n1_0.id=?
Hibernate: 
    select
        n1_0.id,
        n1_0.created_at,
        g1_0.id,
        g1_0.code,
        m1_0.group_id,
        m1_1.id,
        m1_1.birthdate,
        m1_1.email,
        m1_1.name,
        m1_1.gender,
        m1_1.password,
        m1_1.profile_picture,
        g1_0.name,
        n1_0.recipient_id,
        r1_0.id,
        r1_0.birthdate,
        r1_0.email,
        r1_0.name,
        r1_0.gender,
        r1_0.password,
        r1_0.profile_picture,
        n1_0.sender_id,
        s1_0.id,
        s1_0.birthdate,
        s1_0.email,
        s1_0.name,
        s1_0.gender,
        s1_0.password,
        s1_0.profile_picture,
        n1_0.status,
        n1_0.type 
    from
        notifications n1_0 
    left join
        groups_table g1_0 
            on g1_0.id=n1_0.group_id 
    left join
        group_members m1_0 
            on g1_0.id=m1_0.group_id 
    left join
        users m1_1 
            on m1_1.id=m1_0.user_id 
    join
        users r1_0 
            on r1_0.id=n1_0.recipient_id 
    join
        users s1_0 
            on s1_0.id=n1_0.sender_id 
    where
        n1_0.id=?
Hibernate: 
    select
        n1_0.id,
        n1_0.created_at,
        g1_0.id,
        g1_0.code,
        m1_0.group_id,
        m1_1.id,
        m1_1.birthdate,
        m1_1.email,
        m1_1.name,
        m1_1.gender,
        m1_1.password,
        m1_1.profile_picture,
        g1_0.name,
        n1_0.recipient_id,
        r1_0.id,
        r1_0.birthdate,
        r1_0.email,
        r1_0.name,
        r1_0.gender,
        r1_0.password,
        r1_0.profile_picture,
        n1_0.sender_id,
        s1_0.id,
        s1_0.birthdate,
        s1_0.email,
        s1_0.name,
        s1_0.gender,
        s1_0.password,
        s1_0.profile_picture,
        n1_0.status,
        n1_0.type 
    from
        notifications n1_0 
    left join
        groups_table g1_0 
            on g1_0.id=n1_0.group_id 
    left join
        group_members m1_0 
            on g1_0.id=m1_0.group_id 
    left join
        users m1_1 
            on m1_1.id=m1_0.user_id 
    join
        users r1_0 
            on r1_0.id=n1_0.recipient_id 
    join
        users s1_0 
            on s1_0.id=n1_0.sender_id 
    where
        n1_0.id=?
Hibernate: 
    select
        n1_0.id,
        n1_0.created_at,
        g1_0.id,
        g1_0.code,
        m1_0.group_id,
        m1_1.id,
        m1_1.birthdate,
        m1_1.email,
        m1_1.name,
        m1_1.gender,
        m1_1.password,
        m1_1.profile_picture,
        g1_0.name,
        n1_0.recipient_id,
        r1_0.id,
        r1_0.birthdate,
        r1_0.email,
        r1_0.name,
        r1_0.gender,
        r1_0.password,
        r1_0.profile_picture,
        n1_0.sender_id,
        s1_0.id,
        s1_0.birthdate,
        s1_0.email,
        s1_0.name,
        s1_0.gender,
        s1_0.password,
        s1_0.profile_picture,
        n1_0.status,
        n1_0.type 
    from
        notifications n1_0 
    left join
        groups_table g1_0 
            on g1_0.id=n1_0.group_id 
    left join
        group_members m1_0 
            on g1_0.id=m1_0.group_id 
    left join
        users m1_1 
            on m1_1.id=m1_0.user_id 
    join
        users r1_0 
            on r1_0.id=n1_0.recipient_id 
    join
        users s1_0 
            on s1_0.id=n1_0.sender_id 
    where
        n1_0.id=?
Hibernate: 
    select
        n1_0.id,
        n1_0.created_at,
        g1_0.id,
        g1_0.code,
        m1_0.group_id,
        m1_1.id,
        m1_1.birthdate,
        m1_1.email,
        m1_1.name,
        m1_1.gender,
        m1_1.password,
        m1_1.profile_picture,
        g1_0.name,
        n1_0.recipient_id,
        r1_0.id,
        r1_0.birthdate,
        r1_0.email,
        r1_0.name,
        r1_0.gender,
        r1_0.password,
        r1_0.profile_picture,
        n1_0.sender_id,
        s1_0.id,
        s1_0.birthdate,
        s1_0.email,
        s1_0.name,
        s1_0.gender,
        s1_0.password,
        s1_0.profile_picture,
        n1_0.status,
        n1_0.type 
    from
        notifications n1_0 
    left join
        groups_table g1_0 
            on g1_0.id=n1_0.group_id 
    left join
        group_members m1_0 
            on g1_0.id=m1_0.group_id 
    left join
        users m1_1 
            on m1_1.id=m1_0.user_id 
    join
        users r1_0 
            on r1_0.id=n1_0.recipient_id 
    join
        users s1_0 
            on s1_0.id=n1_0.sender_id 
    where
        n1_0.id=?
Hibernate: 
    select
        n1_0.id,
        n1_0.created_at,
        g1_0.id,
        g1_0.code,
        m1_0.group_id,
        m1_1.id,
        m1_1.birthdate,
        m1_1.email,
        m1_1.name,
        m1_1.gender,
        m1_1.password,
        m1_1.profile_picture,
        g1_0.name,
        n1_0.recipient_id,
        r1_0.id,
        r1_0.birthdate,
        r1_0.email,
        r1_0.name,
        r1_0.gender,
        r1_0.password,
        r1_0.profile_picture,
        n1_0.sender_id,
        s1_0.id,
        s1_0.birthdate,
        s1_0.email,
        s1_0.name,
        s1_0.gender,
        s1_0.password,
        s1_0.profile_picture,
        n1_0.status,
        n1_0.type 
    from
        notifications n1_0 
    left join
        groups_table g1_0 
            on g1_0.id=n1_0.group_id 
    left join
        group_members m1_0 
            on g1_0.id=m1_0.group_id 
    left join
        users m1_1 
            on m1_1.id=m1_0.user_id 
    join
        users r1_0 
            on r1_0.id=n1_0.recipient_id 
    join
        users s1_0 
            on s1_0.id=n1_0.sender_id 
    where
        n1_0.id=?
Hibernate: 
    select
        u1_0.id,
        u1_0.birthdate,
        u1_0.email,
        u1_0.name,
        u1_0.gender,
        u1_0.password,
        u1_0.profile_picture 
    from
        users u1_0 
    where
        u1_0.id=?
Hibernate: 
    select
        n1_0.id,
        n1_0.created_at,
        n1_0.group_id,
        n1_0.recipient_id,
        n1_0.sender_id,
        n1_0.status,
        n1_0.type 
    from
        notifications n1_0 
    where
        n1_0.recipient_id=? 
    order by
        n1_0.created_at desc
Hibernate: 
    select
        g1_0.id,
        g1_0.code,
        m1_0.group_id,
        m1_1.id,
        m1_1.birthdate,
        m1_1.email,
        m1_1.name,
        m1_1.gender,
        m1_1.password,
        m1_1.profile_picture,
        g1_0.name 
    from
        groups_table g1_0 
    left join
        group_members m1_0 
            on g1_0.id=m1_0.group_id 
    left join
        users m1_1 
            on m1_1.id=m1_0.user_id 
    where
        g1_0.id=?
Hibernate: 
    select
        u1_0.id,
        u1_0.birthdate,
        u1_0.email,
        u1_0.name,
        u1_0.gender,
        u1_0.password,
        u1_0.profile_picture 
    from
        users u1_0 
    where
        u1_0.id=?
Hibernate: 
    select
        n1_0.id,
        n1_0.created_at,
        n1_0.group_id,
        n1_0.recipient_id,
        n1_0.sender_id,
        n1_0.status,
        n1_0.type 
    from
        notifications n1_0 
    where
        n1_0.recipient_id=? 
    order by
        n1_0.created_at desc
Hibernate: 
    select
        g1_0.id,
        g1_0.code,
        m1_0.group_id,
        m1_1.id,
        m1_1.birthdate,
        m1_1.email,
        m1_1.name,
        m1_1.gender,
        m1_1.password,
        m1_1.profile_picture,
        g1_0.name 
    from
        groups_table g1_0 
    left join
        group_members m1_0 
            on g1_0.id=m1_0.group_id 
    left join
        users m1_1 
            on m1_1.id=m1_0.user_id 
    where
        g1_0.id=?
Hibernate: 
    select
        u1_0.id,
        u1_0.birthdate,
        u1_0.email,
        u1_0.name,
        u1_0.gender,
        u1_0.password,
        u1_0.profile_picture 
    from
        users u1_0 
    where
        u1_0.id=?
Hibernate: 
    select
        n1_0.id,
        n1_0.created_at,
        n1_0.group_id,
        n1_0.recipient_id,
        n1_0.sender_id,
        n1_0.status,
        n1_0.type 
    from
        notifications n1_0 
    where
        n1_0.recipient_id=? 
    order by
        n1_0.created_at desc
Hibernate: 
    select
        g1_0.id,
        g1_0.code,
        m1_0.group_id,
        m1_1.id,
        m1_1.birthdate,
        m1_1.email,
        m1_1.name,
        m1_1.gender,
        m1_1.password,
        m1_1.profile_picture,
        g1_0.name 
    from
        groups_table g1_0 
    left join
        group_members m1_0 
            on g1_0.id=m1_0.group_id 
    left join
        users m1_1 
            on m1_1.id=m1_0.user_id 
    where
        g1_0.id=?
Hibernate: 
    select
        u1_0.id,
        u1_0.birthdate,
        u1_0.email,
        u1_0.name,
        u1_0.gender,
        u1_0.password,
        u1_0.profile_picture 
    from
        users u1_0 
    where
        u1_0.id=?
Hibernate: 
    select
        n1_0.id,
        n1_0.created_at,
        n1_0.group_id,
        n1_0.recipient_id,
        n1_0.sender_id,
        n1_0.status,
        n1_0.type 
    from
        notifications n1_0 
    where
        n1_0.recipient_id=? 
    order by
        n1_0.created_at desc
Hibernate: 
    select
        g1_0.id,
        g1_0.code,
        m1_0.group_id,
        m1_1.id,
        m1_1.birthdate,
        m1_1.email,
        m1_1.name,
        m1_1.gender,
        m1_1.password,
        m1_1.profile_picture,
        g1_0.name 
    from
        groups_table g1_0 
    left join
        group_members m1_0 
            on g1_0.id=m1_0.group_id 
    left join
        users m1_1 
            on m1_1.id=m1_0.user_id 
    where
        g1_0.id=?
Hibernate: 
    select
        u1_0.id,
        u1_0.birthdate,
        u1_0.email,
        u1_0.name,
        u1_0.gender,
        u1_0.password,
        u1_0.profile_picture 
    from
        users u1_0 
    where
        u1_0.id=?
Hibernate: 
    select
        n1_0.id,
        n1_0.created_at,
        n1_0.group_id,
        n1_0.recipient_id,
        n1_0.sender_id,
        n1_0.status,
        n1_0.type 
    from
        notifications n1_0 
    where
        n1_0.recipient_id=? 
    order by
        n1_0.created_at desc
Hibernate: 
    select
        g1_0.id,
        g1_0.code,
        m1_0.group_id,
        m1_1.id,
        m1_1.birthdate,
        m1_1.email,
        m1_1.name,
        m1_1.gender,
        m1_1.password,
        m1_1.profile_picture,
        g1_0.name 
    from
        groups_table g1_0 
    left join
        group_members m1_0 
            on g1_0.id=m1_0.group_id 
    left join
        users m1_1 
            on m1_1.id=m1_0.user_id 
    where
        g1_0.id=?
Hibernate: 
    select
        u1_0.id,
        u1_0.birthdate,
        u1_0.email,
        u1_0.name,
        u1_0.gender,
        u1_0.password,
        u1_0.profile_picture 
    from
        users u1_0 
    where
        u1_0.id=?
Hibernate: 
    select
        n1_0.id,
        n1_0.created_at,
        n1_0.group_id,
        n1_0.recipient_id,
        n1_0.sender_id,
        n1_0.status,
        n1_0.type 
    from
        notifications n1_0 
    where
        n1_0.recipient_id=? 
    order by
        n1_0.created_at desc
Hibernate: 
    select
        g1_0.id,
        g1_0.code,
        m1_0.group_id,
        m1_1.id,
        m1_1.birthdate,
        m1_1.email,
        m1_1.name,
        m1_1.gender,
        m1_1.password,
        m1_1.profile_picture,
        g1_0.name 
    from
        groups_table g1_0 
    left join
        group_members m1_0 
            on g1_0.id=m1_0.group_id 
    left join
        users m1_1 
            on m1_1.id=m1_0.user_id 
    where
        g1_0.id=?
Hibernate: 
    select
        u1_0.id,
        u1_0.birthdate,
        u1_0.email,
        u1_0.name,
        u1_0.gender,
        u1_0.password,
        u1_0.profile_picture 
    from
        users u1_0 
    where
        u1_0.id=?
Hibernate: 
    select
        n1_0.id,
        n1_0.created_at,
        n1_0.group_id,
        n1_0.recipient_id,
        n1_0.sender_id,
        n1_0.status,
        n1_0.type 
    from
        notifications n1_0 
    where
        n1_0.recipient_id=? 
    order by
        n1_0.created_at desc
Hibernate: 
    select
        g1_0.id,
        g1_0.code,
        m1_0.group_id,
        m1_1.id,
        m1_1.birthdate,
        m1_1.email,
        m1_1.name,
        m1_1.gender,
        m1_1.password,
        m1_1.profile_picture,
        g1_0.name 
    from
        groups_table g1_0 
    left join
        group_members m1_0 
            on g1_0.id=m1_0.group_id 
    left join
        users m1_1 
            on m1_1.id=m1_0.user_id 
    where
        g1_0.id=?
