[INFO] Scanning for projects...
[INFO] 
[INFO] ---------------------< com.example.mzp:fairshare1 >---------------------
[INFO] Building fairshare1 0.0.1-SNAPSHOT
[INFO]   from pom.xml
[INFO] --------------------------------[ jar ]---------------------------------
[INFO] 
[INFO] >>> spring-boot:3.3.3:run (default-cli) > test-compile @ fairshare1 >>>
[INFO] 
[INFO] --- resources:3.3.1:resources (default-resources) @ fairshare1 ---
[INFO] Copying 1 resource from src\main\resources to target\classes
[INFO] Copying 0 resource from src\main\resources to target\classes
[INFO] 
[INFO] --- compiler:3.13.0:compile (default-compile) @ fairshare1 ---
[INFO] Nothing to compile - all classes are up to date.
[INFO] 
[INFO] --- resources:3.3.1:testResources (default-testResources) @ fairshare1 ---
[INFO] skip non existing resourceDirectory C:\Users\Marishka\Desktop\JS\fairshareFinal\fairshare1\src\test\resources
[INFO] 
[INFO] --- compiler:3.13.0:testCompile (default-testCompile) @ fairshare1 ---
[INFO] Nothing to compile - all classes are up to date.
[INFO] 
[INFO] <<< spring-boot:3.3.3:run (default-cli) < test-compile @ fairshare1 <<<
[INFO] 
[INFO] 
[INFO] --- spring-boot:3.3.3:run (default-cli) @ fairshare1 ---
[INFO] Attaching agents: []

  .   ____          _            __ _ _
 /\\ / ___'_ __ _ _(_)_ __  __ _ \ \ \ \
( ( )\___ | '_ | '_| | '_ \/ _` | \ \ \ \
 \\/  ___)| |_)| | | | | || (_| |  ) ) ) )
  '  |____| .__|_| |_|_| |_\__, | / / / /
 =========|_|==============|___/=/_/_/_/

 :: Spring Boot ::                (v3.3.3)

2025-12-07T23:43:59.272+08:00  INFO 23708 --- [  restartedMain] c.e.m.fairshare1.Fairshare1Application   : Starting Fairshare1Application using Java 23.0.1 with PID 23708 (C:\Users\Marishka\Desktop\JS\fairshareFinal\fairshare1\target\classes started by Marishka in C:\Users\Marishka\Desktop\JS\fairshareFinal\fairshare1)
2025-12-07T23:43:59.274+08:00  INFO 23708 --- [  restartedMain] c.e.m.fairshare1.Fairshare1Application   : No active profile set, falling back to 1 default profile: "default"
2025-12-07T23:43:59.353+08:00  INFO 23708 --- [  restartedMain] .e.DevToolsPropertyDefaultsPostProcessor : Devtools property defaults active! Set 'spring.devtools.add-properties' to 'false' to disable
2025-12-07T23:43:59.353+08:00  INFO 23708 --- [  restartedMain] .e.DevToolsPropertyDefaultsPostProcessor : For additional web related logging consider setting the 'logging.level.web' property to 'DEBUG'
2025-12-07T23:44:00.204+08:00  INFO 23708 --- [  restartedMain] .s.d.r.c.RepositoryConfigurationDelegate : Bootstrapping Spring Data JPA repositories in DEFAULT mode.
2025-12-07T23:44:00.341+08:00  INFO 23708 --- [  restartedMain] .s.d.r.c.RepositoryConfigurationDelegate : Finished Spring Data repository scanning in 126 ms. Found 5 JPA repository interfaces.
2025-12-07T23:44:01.118+08:00  INFO 23708 --- [  restartedMain] o.s.b.w.embedded.tomcat.TomcatWebServer  : Tomcat initialized with port 8080 (http)
2025-12-07T23:44:01.137+08:00  INFO 23708 --- [  restartedMain] o.apache.catalina.core.StandardService   : Starting service [Tomcat]
2025-12-07T23:44:01.137+08:00  INFO 23708 --- [  restartedMain] o.apache.catalina.core.StandardEngine    : Starting Servlet engine: [Apache Tomcat/10.1.28]
2025-12-07T23:44:01.198+08:00  INFO 23708 --- [  restartedMain] o.a.c.c.C.[Tomcat].[localhost].[/]       : Initializing Spring embedded WebApplicationContext
2025-12-07T23:44:01.199+08:00  INFO 23708 --- [  restartedMain] w.s.c.ServletWebServerApplicationContext : Root WebApplicationContext: initialization completed in 1845 ms
2025-12-07T23:44:01.364+08:00  INFO 23708 --- [  restartedMain] o.hibernate.jpa.internal.util.LogHelper  : HHH000204: Processing PersistenceUnitInfo [name: default]
2025-12-07T23:44:01.455+08:00  INFO 23708 --- [  restartedMain] org.hibernate.Version                    : HHH000412: Hibernate ORM core version 6.5.2.Final
2025-12-07T23:44:01.498+08:00  INFO 23708 --- [  restartedMain] o.h.c.internal.RegionFactoryInitiator    : HHH000026: Second-level cache disabled
2025-12-07T23:44:01.870+08:00  INFO 23708 --- [  restartedMain] o.s.o.j.p.SpringPersistenceUnitInfo      : No LoadTimeWeaver setup: ignoring JPA class transformer
2025-12-07T23:44:01.920+08:00  INFO 23708 --- [  restartedMain] com.zaxxer.hikari.HikariDataSource       : HikariPool-1 - Starting...
2025-12-07T23:44:01.960+08:00  INFO 23708 --- [  restartedMain] com.zaxxer.hikari.HikariDataSource       : HikariPool-1 - Start completed.
2025-12-07T23:44:02.695+08:00  WARN 23708 --- [  restartedMain] org.hibernate.orm.deprecation            : HHH90000025: MySQLDialect does not need to be specified explicitly using 'hibernate.dialect' (remove the property setting and it will be selected by default)
2025-12-07T23:44:03.752+08:00  INFO 23708 --- [  restartedMain] o.h.e.t.j.p.i.JtaPlatformInitiator       : HHH000489: No JTA platform available (set 'hibernate.transaction.jta.platform' to enable JTA platform integration)
Hibernate: 
    alter table users 
       modify column profile_picture LONGTEXT
2025-12-07T23:44:04.077+08:00  INFO 23708 --- [  restartedMain] j.LocalContainerEntityManagerFactoryBean : Initialized JPA EntityManagerFactory for persistence unit 'default'
2025-12-07T23:44:04.609+08:00  WARN 23708 --- [  restartedMain] JpaBaseConfiguration$JpaWebConfiguration : spring.jpa.open-in-view is enabled by default. Therefore, database queries may be performed during view rendering. Explicitly configure spring.jpa.open-in-view to disable this warning
2025-12-07T23:44:05.101+08:00  INFO 23708 --- [  restartedMain] o.s.b.d.a.OptionalLiveReloadServer       : LiveReload server is running on port 35729
2025-12-07T23:44:05.136+08:00  INFO 23708 --- [  restartedMain] o.s.b.w.embedded.tomcat.TomcatWebServer  : Tomcat started on port 8080 (http) with context path '/'
2025-12-07T23:44:05.146+08:00  INFO 23708 --- [  restartedMain] c.e.m.fairshare1.Fairshare1Application   : Started Fairshare1Application in 6.508 seconds (process running for 7.143)
2025-12-07T23:44:20.539+08:00  INFO 23708 --- [nio-8080-exec-2] o.a.c.c.C.[Tomcat].[localhost].[/]       : Initializing Spring DispatcherServlet 'dispatcherServlet'
2025-12-07T23:44:20.539+08:00  INFO 23708 --- [nio-8080-exec-2] o.s.web.servlet.DispatcherServlet        : Initializing Servlet 'dispatcherServlet'
2025-12-07T23:44:20.548+08:00  INFO 23708 --- [nio-8080-exec-2] o.s.web.servlet.DispatcherServlet        : Completed initialization in 9 ms
Hibernate: 
    select
        u1_0.id,
        u1_0.birthdate,
        u1_0.email,
        u1_0.name,
        u1_0.gender,
        u1_0.password,
        u1_0.profile_picture 
    from
        users u1_0 
    where
        u1_0.id=?
Hibernate: 
    select
        n1_0.id,
        n1_0.created_at,
        n1_0.group_id,
        n1_0.recipient_id,
        n1_0.sender_id,
        n1_0.status,
        n1_0.type 
    from
        notifications n1_0 
    where
        n1_0.recipient_id=? 
    order by
        n1_0.created_at desc
Hibernate: 
    select
        g1_0.id,
        g1_0.code,
        m1_0.group_id,
        m1_1.id,
        m1_1.birthdate,
        m1_1.email,
        m1_1.name,
        m1_1.gender,
        m1_1.password,
        m1_1.profile_picture,
        g1_0.name 
    from
        groups_table g1_0 
    left join
        group_members m1_0 
            on g1_0.id=m1_0.group_id 
    left join
        users m1_1 
            on m1_1.id=m1_0.user_id 
    where
        g1_0.id=?
Hibernate: 
    select
        u1_0.id,
        u1_0.birthdate,
        u1_0.email,
        u1_0.name,
        u1_0.gender,
        u1_0.password,
        u1_0.profile_picture 
    from
        users u1_0 
    where
        u1_0.id=?
Hibernate: 
    select
        n1_0.id,
        n1_0.created_at,
        n1_0.group_id,
        n1_0.recipient_id,
        n1_0.sender_id,
        n1_0.status,
        n1_0.type 
    from
        notifications n1_0 
    where
        n1_0.recipient_id=? 
    order by
        n1_0.created_at desc
Hibernate: 
    select
        u1_0.id,
        u1_0.birthdate,
        u1_0.email,
        u1_0.name,
        u1_0.gender,
        u1_0.password,
        u1_0.profile_picture 
    from
        users u1_0 
    where
        u1_0.id=?
Hibernate: 
    select
        g1_0.id,
        g1_0.code,
        m1_0.group_id,
        m1_1.id,
        m1_1.birthdate,
        m1_1.email,
        m1_1.name,
        m1_1.gender,
        m1_1.password,
        m1_1.profile_picture,
        g1_0.name 
    from
        groups_table g1_0 
    left join
        group_members m1_0 
            on g1_0.id=m1_0.group_id 
    left join
        users m1_1 
            on m1_1.id=m1_0.user_id 
    where
        g1_0.id=?
Hibernate: 
    select
        g1_0.id,
        g1_0.code,
        g1_0.name 
    from
        groups_table g1_0
Hibernate: 
    select
        m1_0.group_id,
        m1_1.id,
        m1_1.birthdate,
        m1_1.email,
        m1_1.name,
        m1_1.gender,
        m1_1.password,
        m1_1.profile_picture 
    from
        group_members m1_0 
    join
        users m1_1 
            on m1_1.id=m1_0.user_id 
    where
        m1_0.group_id=?
Hibernate: 
    select
        u1_0.id,
        u1_0.birthdate,
        u1_0.email,
        u1_0.name,
        u1_0.gender,
        u1_0.password,
        u1_0.profile_picture 
    from
        users u1_0 
    where
        u1_0.id=?
Hibernate: 
    select
        n1_0.id,
        n1_0.created_at,
        n1_0.group_id,
        n1_0.recipient_id,
        n1_0.sender_id,
        n1_0.status,
        n1_0.type 
    from
        notifications n1_0 
    where
        n1_0.recipient_id=? 
    order by
        n1_0.created_at desc
Hibernate: 
    select
        g1_0.id,
        g1_0.code,
        m1_0.group_id,
        m1_1.id,
        m1_1.birthdate,
        m1_1.email,
        m1_1.name,
        m1_1.gender,
        m1_1.password,
        m1_1.profile_picture,
        g1_0.name 
    from
        groups_table g1_0 
    left join
        group_members m1_0 
            on g1_0.id=m1_0.group_id 
    left join
        users m1_1 
            on m1_1.id=m1_0.user_id 
    where
        g1_0.id=?
Hibernate: 
    select
        u1_0.id,
        u1_0.birthdate,
        u1_0.email,
        u1_0.name,
        u1_0.gender,
        u1_0.password,
        u1_0.profile_picture 
    from
        users u1_0 
    where
        u1_0.id=?
Hibernate: 
    select
        g1_0.id,
        g1_0.code,
        g1_0.name 
    from
        groups_table g1_0
Hibernate: 
    select
        m1_0.group_id,
        m1_1.id,
        m1_1.birthdate,
        m1_1.email,
        m1_1.name,
        m1_1.gender,
        m1_1.password,
        m1_1.profile_picture 
    from
        group_members m1_0 
    join
        users m1_1 
            on m1_1.id=m1_0.user_id 
    where
        m1_0.group_id=?
Hibernate: 
    select
        e1_0.id,
        e1_0.amount,
        e1_0.date,
        e1_0.description,
        e1_0.group_id,
        e1_0.paid_by_id,
        e1_0.title 
    from
        expenses e1_0 
    where
        e1_0.group_id=?
Hibernate: 
    select
        c1_0.id,
        c1_0.assigned_to_id,
        c1_0.description,
        c1_0.due_date,
        c1_0.group_id,
        c1_0.status,
        c1_0.title 
    from
        chores c1_0 
    where
        c1_0.group_id=?
Hibernate: 
    select
        u1_0.id,
        u1_0.birthdate,
        u1_0.email,
        u1_0.name,
        u1_0.gender,
        u1_0.password,
        u1_0.profile_picture 
    from
        users u1_0 
    where
        u1_0.id=?
Hibernate: 
    select
        g1_0.id,
        g1_0.code,
        m1_0.group_id,
        m1_1.id,
        m1_1.birthdate,
        m1_1.email,
        m1_1.name,
        m1_1.gender,
        m1_1.password,
        m1_1.profile_picture,
        g1_0.name 
    from
        groups_table g1_0 
    left join
        group_members m1_0 
            on g1_0.id=m1_0.group_id 
    left join
        users m1_1 
            on m1_1.id=m1_0.user_id 
    where
        g1_0.id=?
Hibernate: 
    select
        g1_0.id,
        g1_0.code,
        m1_0.group_id,
        m1_1.id,
        m1_1.birthdate,
        m1_1.email,
        m1_1.name,
        m1_1.gender,
        m1_1.password,
        m1_1.profile_picture,
        g1_0.name 
    from
        groups_table g1_0 
    left join
        group_members m1_0 
            on g1_0.id=m1_0.group_id 
    left join
        users m1_1 
            on m1_1.id=m1_0.user_id 
    where
        g1_0.id=?
Hibernate: 
    select
        e1_0.id,
        e1_0.amount,
        e1_0.date,
        e1_0.description,
        e1_0.group_id,
        e1_0.paid_by_id,
        e1_0.title 
    from
        expenses e1_0 
    where
        e1_0.group_id=?
Hibernate: 
    select
        g1_0.id,
        g1_0.code,
        m1_0.group_id,
        m1_1.id,
        m1_1.birthdate,
        m1_1.email,
        m1_1.name,
        m1_1.gender,
        m1_1.password,
        m1_1.profile_picture,
        g1_0.name 
    from
        groups_table g1_0 
    left join
        group_members m1_0 
            on g1_0.id=m1_0.group_id 
    left join
        users m1_1 
            on m1_1.id=m1_0.user_id 
    where
        g1_0.id=?
Hibernate: 
    select
        c1_0.id,
        c1_0.assigned_to_id,
        c1_0.description,
        c1_0.due_date,
        c1_0.group_id,
        c1_0.status,
        c1_0.title 
    from
        chores c1_0 
    where
        c1_0.group_id=?
Hibernate: 
    select
        u1_0.id,
        u1_0.birthdate,
        u1_0.email,
        u1_0.name,
        u1_0.gender,
        u1_0.password,
        u1_0.profile_picture 
    from
        users u1_0 
    where
        u1_0.id=?
Hibernate: 
    select
        g1_0.id,
        g1_0.code,
        m1_0.group_id,
        m1_1.id,
        m1_1.birthdate,
        m1_1.email,
        m1_1.name,
        m1_1.gender,
        m1_1.password,
        m1_1.profile_picture,
        g1_0.name 
    from
        groups_table g1_0 
    left join
        group_members m1_0 
            on g1_0.id=m1_0.group_id 
    left join
        users m1_1 
            on m1_1.id=m1_0.user_id 
    where
        g1_0.id=?
Hibernate: 
    select
        u1_0.id,
        u1_0.birthdate,
        u1_0.email,
        u1_0.name,
        u1_0.gender,
        u1_0.password,
        u1_0.profile_picture 
    from
        users u1_0 
    where
        u1_0.email=?
Hibernate: 
    select
        u1_0.id,
        u1_0.birthdate,
        u1_0.email,
        u1_0.name,
        u1_0.gender,
        u1_0.password,
        u1_0.profile_picture 
    from
        users u1_0 
    where
        u1_0.id=?
Hibernate: 
    select
        u1_0.id,
        u1_0.birthdate,
        u1_0.email,
        u1_0.name,
        u1_0.gender,
        u1_0.password,
        u1_0.profile_picture 
    from
        users u1_0 
    where
        u1_0.id=?
Hibernate: 
    select
        g1_0.id,
        g1_0.code,
        g1_0.name 
    from
        groups_table g1_0
Hibernate: 
    select
        m1_0.group_id,
        m1_1.id,
        m1_1.birthdate,
        m1_1.email,
        m1_1.name,
        m1_1.gender,
        m1_1.password,
        m1_1.profile_picture 
    from
        group_members m1_0 
    join
        users m1_1 
            on m1_1.id=m1_0.user_id 
    where
        m1_0.group_id=?
Hibernate: 
    select
        n1_0.id,
        n1_0.created_at,
        n1_0.group_id,
        n1_0.recipient_id,
        n1_0.sender_id,
        n1_0.status,
        n1_0.type 
    from
        notifications n1_0 
    where
        n1_0.recipient_id=? 
    order by
        n1_0.created_at desc
Hibernate: 
    select
        g1_0.id,
        g1_0.code,
        m1_0.group_id,
        m1_1.id,
        m1_1.birthdate,
        m1_1.email,
        m1_1.name,
        m1_1.gender,
        m1_1.password,
        m1_1.profile_picture,
        g1_0.name 
    from
        groups_table g1_0 
    left join
        group_members m1_0 
            on g1_0.id=m1_0.group_id 
    left join
        users m1_1 
            on m1_1.id=m1_0.user_id 
    where
        g1_0.id=?
Hibernate: 
    select
        u1_0.id,
        u1_0.birthdate,
        u1_0.email,
        u1_0.name,
        u1_0.gender,
        u1_0.password,
        u1_0.profile_picture 
    from
        users u1_0 
    where
        u1_0.id=?
Hibernate: 
    select
        g1_0.id,
        g1_0.code,
        m1_0.group_id,
        m1_1.id,
        m1_1.birthdate,
        m1_1.email,
        m1_1.name,
        m1_1.gender,
        m1_1.password,
        m1_1.profile_picture,
        g1_0.name 
    from
        groups_table g1_0 
    left join
        group_members m1_0 
            on g1_0.id=m1_0.group_id 
    left join
        users m1_1 
            on m1_1.id=m1_0.user_id 
    where
        g1_0.id=?
Hibernate: 
    delete 
    from
        group_members 
    where
        group_id=? 
        and user_id=?
Hibernate: 
    select
        u1_0.id,
        u1_0.birthdate,
        u1_0.email,
        u1_0.name,
        u1_0.gender,
        u1_0.password,
        u1_0.profile_picture 
    from
        users u1_0 
    where
        u1_0.id=?
Hibernate: 
    select
        g1_0.id,
        g1_0.code,
        m1_0.group_id,
        m1_1.id,
        m1_1.birthdate,
        m1_1.email,
        m1_1.name,
        m1_1.gender,
        m1_1.password,
        m1_1.profile_picture,
        g1_0.name 
    from
        groups_table g1_0 
    left join
        group_members m1_0 
            on g1_0.id=m1_0.group_id 
    left join
        users m1_1 
            on m1_1.id=m1_0.user_id 
    where
        g1_0.id=?
Hibernate: 
    delete 
    from
        group_members 
    where
        group_id=? 
        and user_id=?
Hibernate: 
    select
        u1_0.id,
        u1_0.birthdate,
        u1_0.email,
        u1_0.name,
        u1_0.gender,
        u1_0.password,
        u1_0.profile_picture 
    from
        users u1_0 
    where
        u1_0.id=?
Hibernate: 
    select
        n1_0.id,
        n1_0.created_at,
        n1_0.group_id,
        n1_0.recipient_id,
        n1_0.sender_id,
        n1_0.status,
        n1_0.type 
    from
        notifications n1_0 
    where
        n1_0.recipient_id=? 
    order by
        n1_0.created_at desc
Hibernate: 
    select
        g1_0.id,
        g1_0.code,
        m1_0.group_id,
        m1_1.id,
        m1_1.birthdate,
        m1_1.email,
        m1_1.name,
        m1_1.gender,
        m1_1.password,
        m1_1.profile_picture,
        g1_0.name 
    from
        groups_table g1_0 
    left join
        group_members m1_0 
            on g1_0.id=m1_0.group_id 
    left join
        users m1_1 
            on m1_1.id=m1_0.user_id 
    where
        g1_0.id=?
Hibernate: 
    select
        u1_0.id,
        u1_0.birthdate,
        u1_0.email,
        u1_0.name,
        u1_0.gender,
        u1_0.password,
        u1_0.profile_picture 
    from
        users u1_0 
    where
        u1_0.id=?
Hibernate: 
    select
        n1_0.id,
        n1_0.created_at,
        n1_0.group_id,
        n1_0.recipient_id,
        n1_0.sender_id,
        n1_0.status,
        n1_0.type 
    from
        notifications n1_0 
    where
        n1_0.recipient_id=? 
    order by
        n1_0.created_at desc
Hibernate: 
    select
        g1_0.id,
        g1_0.code,
        m1_0.group_id,
        m1_1.id,
        m1_1.birthdate,
        m1_1.email,
        m1_1.name,
        m1_1.gender,
        m1_1.password,
        m1_1.profile_picture,
        g1_0.name 
    from
        groups_table g1_0 
    left join
        group_members m1_0 
            on g1_0.id=m1_0.group_id 
    left join
        users m1_1 
            on m1_1.id=m1_0.user_id 
    where
        g1_0.id=?
Hibernate: 
    select
        u1_0.id,
        u1_0.birthdate,
        u1_0.email,
        u1_0.name,
        u1_0.gender,
        u1_0.password,
        u1_0.profile_picture 
    from
        users u1_0 
    where
        u1_0.id=?
Hibernate: 
    select
        u1_0.id,
        u1_0.birthdate,
        u1_0.email,
        u1_0.name,
        u1_0.gender,
        u1_0.password,
        u1_0.profile_picture 
    from
        users u1_0 
    where
        u1_0.email=?
Hibernate: 
    select
        g1_0.id,
        g1_0.code,
        m1_0.group_id,
        m1_1.id,
        m1_1.birthdate,
        m1_1.email,
        m1_1.name,
        m1_1.gender,
        m1_1.password,
        m1_1.profile_picture,
        g1_0.name 
    from
        groups_table g1_0 
    left join
        group_members m1_0 
            on g1_0.id=m1_0.group_id 
    left join
        users m1_1 
            on m1_1.id=m1_0.user_id 
    where
        g1_0.id=?
Hibernate: 
    insert 
    into
        notifications
        (created_at, group_id, recipient_id, sender_id, status, type) 
    values
        (?, ?, ?, ?, ?, ?)
Hibernate: 
    select
        u1_0.id,
        u1_0.birthdate,
        u1_0.email,
        u1_0.name,
        u1_0.gender,
        u1_0.password,
        u1_0.profile_picture 
    from
        users u1_0 
    where
        u1_0.email=?
Hibernate: 
    select
        u1_0.id,
        u1_0.birthdate,
        u1_0.email,
        u1_0.name,
        u1_0.gender,
        u1_0.password,
        u1_0.profile_picture 
    from
        users u1_0 
    where
        u1_0.id=?
Hibernate: 
    select
        u1_0.id,
        u1_0.birthdate,
        u1_0.email,
        u1_0.name,
        u1_0.gender,
        u1_0.password,
        u1_0.profile_picture 
    from
        users u1_0 
    where
        u1_0.id=?
Hibernate: 
    select
        g1_0.id,
        g1_0.code,
        g1_0.name 
    from
        groups_table g1_0
Hibernate: 
    select
        n1_0.id,
        n1_0.created_at,
        n1_0.group_id,
        n1_0.recipient_id,
        n1_0.sender_id,
        n1_0.status,
        n1_0.type 
    from
        notifications n1_0 
    where
        n1_0.recipient_id=? 
    order by
        n1_0.created_at desc
Hibernate: 
    select
        m1_0.group_id,
        m1_1.id,
        m1_1.birthdate,
        m1_1.email,
        m1_1.name,
        m1_1.gender,
        m1_1.password,
        m1_1.profile_picture 
    from
        group_members m1_0 
    join
        users m1_1 
            on m1_1.id=m1_0.user_id 
    where
        m1_0.group_id=?
Hibernate: 
    select
        g1_0.id,
        g1_0.code,
        m1_0.group_id,
        m1_1.id,
        m1_1.birthdate,
        m1_1.email,
        m1_1.name,
        m1_1.gender,
        m1_1.password,
        m1_1.profile_picture,
        g1_0.name 
    from
        groups_table g1_0 
    left join
        group_members m1_0 
            on g1_0.id=m1_0.group_id 
    left join
        users m1_1 
            on m1_1.id=m1_0.user_id 
    where
        g1_0.id=?
Hibernate: 
    select
        n1_0.id,
        n1_0.created_at,
        g1_0.id,
        g1_0.code,
        m1_0.group_id,
        m1_1.id,
        m1_1.birthdate,
        m1_1.email,
        m1_1.name,
        m1_1.gender,
        m1_1.password,
        m1_1.profile_picture,
        g1_0.name,
        n1_0.recipient_id,
        r1_0.id,
        r1_0.birthdate,
        r1_0.email,
        r1_0.name,
        r1_0.gender,
        r1_0.password,
        r1_0.profile_picture,
        n1_0.sender_id,
        s1_0.id,
        s1_0.birthdate,
        s1_0.email,
        s1_0.name,
        s1_0.gender,
        s1_0.password,
        s1_0.profile_picture,
        n1_0.status,
        n1_0.type 
    from
        notifications n1_0 
    left join
        groups_table g1_0 
            on g1_0.id=n1_0.group_id 
    left join
        group_members m1_0 
            on g1_0.id=m1_0.group_id 
    left join
        users m1_1 
            on m1_1.id=m1_0.user_id 
    join
        users r1_0 
            on r1_0.id=n1_0.recipient_id 
    join
        users s1_0 
            on s1_0.id=n1_0.sender_id 
    where
        n1_0.id=?
Hibernate: 
    update
        notifications 
    set
        created_at=?,
        group_id=?,
        recipient_id=?,
        sender_id=?,
        status=?,
        type=? 
    where
        id=?
Hibernate: 
    insert 
    into
        group_members
        (group_id, user_id) 
    values
        (?, ?)
Hibernate: 
    select
        u1_0.id,
        u1_0.birthdate,
        u1_0.email,
        u1_0.name,
        u1_0.gender,
        u1_0.password,
        u1_0.profile_picture 
    from
        users u1_0 
    where
        u1_0.id=?
Hibernate: 
    select
        u1_0.id,
        u1_0.birthdate,
        u1_0.email,
        u1_0.name,
        u1_0.gender,
        u1_0.password,
        u1_0.profile_picture 
    from
        users u1_0 
    where
        u1_0.id=?
Hibernate: 
    select
        n1_0.id,
        n1_0.created_at,
        n1_0.group_id,
        n1_0.recipient_id,
        n1_0.sender_id,
        n1_0.status,
        n1_0.type 
    from
        notifications n1_0 
    where
        n1_0.recipient_id=? 
    order by
        n1_0.created_at desc
Hibernate: 
    select
        g1_0.id,
        g1_0.code,
        g1_0.name 
    from
        groups_table g1_0
Hibernate: 
    select
        g1_0.id,
        g1_0.code,
        m1_0.group_id,
        m1_1.id,
        m1_1.birthdate,
        m1_1.email,
        m1_1.name,
        m1_1.gender,
        m1_1.password,
        m1_1.profile_picture,
        g1_0.name 
    from
        groups_table g1_0 
    left join
        group_members m1_0 
            on g1_0.id=m1_0.group_id 
    left join
        users m1_1 
            on m1_1.id=m1_0.user_id 
    where
        g1_0.id=?
Hibernate: 
    select
        m1_0.group_id,
        m1_1.id,
        m1_1.birthdate,
        m1_1.email,
        m1_1.name,
        m1_1.gender,
        m1_1.password,
        m1_1.profile_picture 
    from
        group_members m1_0 
    join
        users m1_1 
            on m1_1.id=m1_0.user_id 
    where
        m1_0.group_id=?
Hibernate: 
    select
        c1_0.id,
        c1_0.assigned_to_id,
        c1_0.description,
        c1_0.due_date,
        c1_0.group_id,
        c1_0.status,
        c1_0.title 
    from
        chores c1_0 
    where
        c1_0.group_id=?
Hibernate: 
    select
        e1_0.id,
        e1_0.amount,
        e1_0.date,
        e1_0.description,
        e1_0.group_id,
        e1_0.paid_by_id,
        e1_0.title 
    from
        expenses e1_0 
    where
        e1_0.group_id=?
Hibernate: 
    select
        u1_0.id,
        u1_0.birthdate,
        u1_0.email,
        u1_0.name,
        u1_0.gender,
        u1_0.password,
        u1_0.profile_picture 
    from
        users u1_0 
    where
        u1_0.id=?
Hibernate: 
    select
        g1_0.id,
        g1_0.code,
        m1_0.group_id,
        m1_1.id,
        m1_1.birthdate,
        m1_1.email,
        m1_1.name,
        m1_1.gender,
        m1_1.password,
        m1_1.profile_picture,
        g1_0.name 
    from
        groups_table g1_0 
    left join
        group_members m1_0 
            on g1_0.id=m1_0.group_id 
    left join
        users m1_1 
            on m1_1.id=m1_0.user_id 
    where
        g1_0.id=?
Hibernate: 
    select
        g1_0.id,
        g1_0.code,
        m1_0.group_id,
        m1_1.id,
        m1_1.birthdate,
        m1_1.email,
        m1_1.name,
        m1_1.gender,
        m1_1.password,
        m1_1.profile_picture,
        g1_0.name 
    from
        groups_table g1_0 
    left join
        group_members m1_0 
            on g1_0.id=m1_0.group_id 
    left join
        users m1_1 
            on m1_1.id=m1_0.user_id 
    where
        g1_0.id=?
Hibernate: 
    select
        u1_0.id,
        u1_0.birthdate,
        u1_0.email,
        u1_0.name,
        u1_0.gender,
        u1_0.password,
        u1_0.profile_picture 
    from
        users u1_0 
    where
        u1_0.id=?
Hibernate: 
    select
        g1_0.id,
        g1_0.code,
        m1_0.group_id,
        m1_1.id,
        m1_1.birthdate,
        m1_1.email,
        m1_1.name,
        m1_1.gender,
        m1_1.password,
        m1_1.profile_picture,
        g1_0.name 
    from
        groups_table g1_0 
    left join
        group_members m1_0 
            on g1_0.id=m1_0.group_id 
    left join
        users m1_1 
            on m1_1.id=m1_0.user_id 
    where
        g1_0.id=?
Hibernate: 
    delete 
    from
        group_members 
    where
        group_id=? 
        and user_id=?
Hibernate: 
    select
        u1_0.id,
        u1_0.birthdate,
        u1_0.email,
        u1_0.name,
        u1_0.gender,
        u1_0.password,
        u1_0.profile_picture 
    from
        users u1_0 
    where
        u1_0.id=?
Hibernate: 
    select
        n1_0.id,
        n1_0.created_at,
        n1_0.group_id,
        n1_0.recipient_id,
        n1_0.sender_id,
        n1_0.status,
        n1_0.type 
    from
        notifications n1_0 
    where
        n1_0.recipient_id=? 
    order by
        n1_0.created_at desc
Hibernate: 
    select
        g1_0.id,
        g1_0.code,
        m1_0.group_id,
        m1_1.id,
        m1_1.birthdate,
        m1_1.email,
        m1_1.name,
        m1_1.gender,
        m1_1.password,
        m1_1.profile_picture,
        g1_0.name 
    from
        groups_table g1_0 
    left join
        group_members m1_0 
            on g1_0.id=m1_0.group_id 
    left join
        users m1_1 
            on m1_1.id=m1_0.user_id 
    where
        g1_0.id=?
Hibernate: 
    select
        u1_0.id,
        u1_0.birthdate,
        u1_0.email,
        u1_0.name,
        u1_0.gender,
        u1_0.password,
        u1_0.profile_picture 
    from
        users u1_0 
    where
        u1_0.id=?
Hibernate: 
    select
        n1_0.id,
        n1_0.created_at,
        n1_0.group_id,
        n1_0.recipient_id,
        n1_0.sender_id,
        n1_0.status,
        n1_0.type 
    from
        notifications n1_0 
    where
        n1_0.recipient_id=? 
    order by
        n1_0.created_at desc
Hibernate: 
    select
        g1_0.id,
        g1_0.code,
        m1_0.group_id,
        m1_1.id,
        m1_1.birthdate,
        m1_1.email,
        m1_1.name,
        m1_1.gender,
        m1_1.password,
        m1_1.profile_picture,
        g1_0.name 
    from
        groups_table g1_0 
    left join
        group_members m1_0 
            on g1_0.id=m1_0.group_id 
    left join
        users m1_1 
            on m1_1.id=m1_0.user_id 
    where
        g1_0.id=?
Hibernate: 
    select
        u1_0.id,
        u1_0.birthdate,
        u1_0.email,
        u1_0.name,
        u1_0.gender,
        u1_0.password,
        u1_0.profile_picture 
    from
        users u1_0 
    where
        u1_0.email=?
Hibernate: 
    select
        u1_0.id,
        u1_0.birthdate,
        u1_0.email,
        u1_0.name,
        u1_0.gender,
        u1_0.password,
        u1_0.profile_picture 
    from
        users u1_0 
    where
        u1_0.id=?
Hibernate: 
    select
        u1_0.id,
        u1_0.birthdate,
        u1_0.email,
        u1_0.name,
        u1_0.gender,
        u1_0.password,
        u1_0.profile_picture 
    from
        users u1_0 
    where
        u1_0.id=?
Hibernate: 
    select
        g1_0.id,
        g1_0.code,
        g1_0.name 
    from
        groups_table g1_0
Hibernate: 
    select
        n1_0.id,
        n1_0.created_at,
        n1_0.group_id,
        n1_0.recipient_id,
        n1_0.sender_id,
        n1_0.status,
        n1_0.type 
    from
        notifications n1_0 
    where
        n1_0.recipient_id=? 
    order by
        n1_0.created_at desc
Hibernate: 
    select
        m1_0.group_id,
        m1_1.id,
        m1_1.birthdate,
        m1_1.email,
        m1_1.name,
        m1_1.gender,
        m1_1.password,
        m1_1.profile_picture 
    from
        group_members m1_0 
    join
        users m1_1 
            on m1_1.id=m1_0.user_id 
    where
        m1_0.group_id=?
Hibernate: 
    select
        e1_0.id,
        e1_0.amount,
        e1_0.date,
        e1_0.description,
        e1_0.group_id,
        e1_0.paid_by_id,
        e1_0.title 
    from
        expenses e1_0 
    where
        e1_0.group_id=?
Hibernate: 
    select
        c1_0.id,
        c1_0.assigned_to_id,
        c1_0.description,
        c1_0.due_date,
        c1_0.group_id,
        c1_0.status,
        c1_0.title 
    from
        chores c1_0 
    where
        c1_0.group_id=?
Hibernate: 
    select
        u1_0.id,
        u1_0.birthdate,
        u1_0.email,
        u1_0.name,
        u1_0.gender,
        u1_0.password,
        u1_0.profile_picture 
    from
        users u1_0 
    where
        u1_0.id=?
Hibernate: 
    select
        g1_0.id,
        g1_0.code,
        m1_0.group_id,
        m1_1.id,
        m1_1.birthdate,
        m1_1.email,
        m1_1.name,
        m1_1.gender,
        m1_1.password,
        m1_1.profile_picture,
        g1_0.name 
    from
        groups_table g1_0 
    left join
        group_members m1_0 
            on g1_0.id=m1_0.group_id 
    left join
        users m1_1 
            on m1_1.id=m1_0.user_id 
    where
        g1_0.id=?
Hibernate: 
    select
        g1_0.id,
        g1_0.code,
        m1_0.group_id,
        m1_1.id,
        m1_1.birthdate,
        m1_1.email,
        m1_1.name,
        m1_1.gender,
        m1_1.password,
        m1_1.profile_picture,
        g1_0.name 
    from
        groups_table g1_0 
    left join
        group_members m1_0 
            on g1_0.id=m1_0.group_id 
    left join
        users m1_1 
            on m1_1.id=m1_0.user_id 
    where
        g1_0.id=?
Hibernate: 
    select
        u1_0.id,
        u1_0.birthdate,
        u1_0.email,
        u1_0.name,
        u1_0.gender,
        u1_0.password,
        u1_0.profile_picture 
    from
        users u1_0 
    where
        u1_0.id=?
Hibernate: 
    select
        g1_0.id,
        g1_0.code,
        m1_0.group_id,
        m1_1.id,
        m1_1.birthdate,
        m1_1.email,
        m1_1.name,
        m1_1.gender,
        m1_1.password,
        m1_1.profile_picture,
        g1_0.name 
    from
        groups_table g1_0 
    left join
        group_members m1_0 
            on g1_0.id=m1_0.group_id 
    left join
        users m1_1 
            on m1_1.id=m1_0.user_id 
    where
        g1_0.id=?
Hibernate: 
    insert 
    into
        chores
        (assigned_to_id, description, due_date, group_id, status, title) 
    values
        (?, ?, ?, ?, ?, ?)
Hibernate: 
    select
        u1_0.id,
        u1_0.birthdate,
        u1_0.email,
        u1_0.name,
        u1_0.gender,
        u1_0.password,
        u1_0.profile_picture 
    from
        users u1_0 
    where
        u1_0.id=?
Hibernate: 
    select
        u1_0.id,
        u1_0.birthdate,
        u1_0.email,
        u1_0.name,
        u1_0.gender,
        u1_0.password,
        u1_0.profile_picture 
    from
        users u1_0 
    where
        u1_0.email=?
Hibernate: 
    select
        g1_0.id,
        g1_0.code,
        m1_0.group_id,
        m1_1.id,
        m1_1.birthdate,
        m1_1.email,
        m1_1.name,
        m1_1.gender,
        m1_1.password,
        m1_1.profile_picture,
        g1_0.name 
    from
        groups_table g1_0 
    left join
        group_members m1_0 
            on g1_0.id=m1_0.group_id 
    left join
        users m1_1 
            on m1_1.id=m1_0.user_id 
    where
        g1_0.id=?
Hibernate: 
    insert 
    into
        notifications
        (created_at, group_id, recipient_id, sender_id, status, type) 
    values
        (?, ?, ?, ?, ?, ?)
Hibernate: 
    select
        u1_0.id,
        u1_0.birthdate,
        u1_0.email,
        u1_0.name,
        u1_0.gender,
        u1_0.password,
        u1_0.profile_picture 
    from
        users u1_0 
    where
        u1_0.id=?
Hibernate: 
    select
        n1_0.id,
        n1_0.created_at,
        n1_0.group_id,
        n1_0.recipient_id,
        n1_0.sender_id,
        n1_0.status,
        n1_0.type 
    from
        notifications n1_0 
    where
        n1_0.recipient_id=? 
    order by
        n1_0.created_at desc
Hibernate: 
    select
        u1_0.id,
        u1_0.birthdate,
        u1_0.email,
        u1_0.name,
        u1_0.gender,
        u1_0.password,
        u1_0.profile_picture 
    from
        users u1_0 
    where
        u1_0.id=?
Hibernate: 
    select
        u1_0.id,
        u1_0.birthdate,
        u1_0.email,
        u1_0.name,
        u1_0.gender,
        u1_0.password,
        u1_0.profile_picture 
    from
        users u1_0 
    where
        u1_0.email=?
Hibernate: 
    select
        g1_0.id,
        g1_0.code,
        m1_0.group_id,
        m1_1.id,
        m1_1.birthdate,
        m1_1.email,
        m1_1.name,
        m1_1.gender,
        m1_1.password,
        m1_1.profile_picture,
        g1_0.name 
    from
        groups_table g1_0 
    left join
        group_members m1_0 
            on g1_0.id=m1_0.group_id 
    left join
        users m1_1 
            on m1_1.id=m1_0.user_id 
    where
        g1_0.id=?
Hibernate: 
    insert 
    into
        notifications
        (created_at, group_id, recipient_id, sender_id, status, type) 
    values
        (?, ?, ?, ?, ?, ?)
Hibernate: 
    select
        u1_0.id,
        u1_0.birthdate,
        u1_0.email,
        u1_0.name,
        u1_0.gender,
        u1_0.password,
        u1_0.profile_picture 
    from
        users u1_0 
    where
        u1_0.email=?
Hibernate: 
    select
        u1_0.id,
        u1_0.birthdate,
        u1_0.email,
        u1_0.name,
        u1_0.gender,
        u1_0.password,
        u1_0.profile_picture 
    from
        users u1_0 
    where
        u1_0.id=?
Hibernate: 
    select
        u1_0.id,
        u1_0.birthdate,
        u1_0.email,
        u1_0.name,
        u1_0.gender,
        u1_0.password,
        u1_0.profile_picture 
    from
        users u1_0 
    where
        u1_0.id=?
Hibernate: 
    select
        g1_0.id,
        g1_0.code,
        g1_0.name 
    from
        groups_table g1_0
Hibernate: 
    select
        m1_0.group_id,
        m1_1.id,
        m1_1.birthdate,
        m1_1.email,
        m1_1.name,
        m1_1.gender,
        m1_1.password,
        m1_1.profile_picture 
    from
        group_members m1_0 
    join
        users m1_1 
            on m1_1.id=m1_0.user_id 
    where
        m1_0.group_id=?
Hibernate: 
    select
        n1_0.id,
        n1_0.created_at,
        n1_0.group_id,
        n1_0.recipient_id,
        n1_0.sender_id,
        n1_0.status,
        n1_0.type 
    from
        notifications n1_0 
    where
        n1_0.recipient_id=? 
    order by
        n1_0.created_at desc
Hibernate: 
    select
        g1_0.id,
        g1_0.code,
        m1_0.group_id,
        m1_1.id,
        m1_1.birthdate,
        m1_1.email,
        m1_1.name,
        m1_1.gender,
        m1_1.password,
        m1_1.profile_picture,
        g1_0.name 
    from
        groups_table g1_0 
    left join
        group_members m1_0 
            on g1_0.id=m1_0.group_id 
    left join
        users m1_1 
            on m1_1.id=m1_0.user_id 
    where
        g1_0.id=?
Hibernate: 
    select
        n1_0.id,
        n1_0.created_at,
        g1_0.id,
        g1_0.code,
        m1_0.group_id,
        m1_1.id,
        m1_1.birthdate,
        m1_1.email,
        m1_1.name,
        m1_1.gender,
        m1_1.password,
        m1_1.profile_picture,
        g1_0.name,
        n1_0.recipient_id,
        r1_0.id,
        r1_0.birthdate,
        r1_0.email,
        r1_0.name,
        r1_0.gender,
        r1_0.password,
        r1_0.profile_picture,
        n1_0.sender_id,
        s1_0.id,
        s1_0.birthdate,
        s1_0.email,
        s1_0.name,
        s1_0.gender,
        s1_0.password,
        s1_0.profile_picture,
        n1_0.status,
        n1_0.type 
    from
        notifications n1_0 
    left join
        groups_table g1_0 
            on g1_0.id=n1_0.group_id 
    left join
        group_members m1_0 
            on g1_0.id=m1_0.group_id 
    left join
        users m1_1 
            on m1_1.id=m1_0.user_id 
    join
        users r1_0 
            on r1_0.id=n1_0.recipient_id 
    join
        users s1_0 
            on s1_0.id=n1_0.sender_id 
    where
        n1_0.id=?
Hibernate: 
    update
        notifications 
    set
        created_at=?,
        group_id=?,
        recipient_id=?,
        sender_id=?,
        status=?,
        type=? 
    where
        id=?
Hibernate: 
    insert 
    into
        group_members
        (group_id, user_id) 
    values
        (?, ?)
Hibernate: 
    select
        u1_0.id,
        u1_0.birthdate,
        u1_0.email,
        u1_0.name,
        u1_0.gender,
        u1_0.password,
        u1_0.profile_picture 
    from
        users u1_0 
    where
        u1_0.id=?
Hibernate: 
    select
        u1_0.id,
        u1_0.birthdate,
        u1_0.email,
        u1_0.name,
        u1_0.gender,
        u1_0.password,
        u1_0.profile_picture 
    from
        users u1_0 
    where
        u1_0.id=?
Hibernate: 
    select
        g1_0.id,
        g1_0.code,
        g1_0.name 
    from
        groups_table g1_0
Hibernate: 
    select
        n1_0.id,
        n1_0.created_at,
        n1_0.group_id,
        n1_0.recipient_id,
        n1_0.sender_id,
        n1_0.status,
        n1_0.type 
    from
        notifications n1_0 
    where
        n1_0.recipient_id=? 
    order by
        n1_0.created_at desc
Hibernate: 
    select
        m1_0.group_id,
        m1_1.id,
        m1_1.birthdate,
        m1_1.email,
        m1_1.name,
        m1_1.gender,
        m1_1.password,
        m1_1.profile_picture 
    from
        group_members m1_0 
    join
        users m1_1 
            on m1_1.id=m1_0.user_id 
    where
        m1_0.group_id=?
Hibernate: 
    select
        g1_0.id,
        g1_0.code,
        m1_0.group_id,
        m1_1.id,
        m1_1.birthdate,
        m1_1.email,
        m1_1.name,
        m1_1.gender,
        m1_1.password,
        m1_1.profile_picture,
        g1_0.name 
    from
        groups_table g1_0 
    left join
        group_members m1_0 
            on g1_0.id=m1_0.group_id 
    left join
        users m1_1 
            on m1_1.id=m1_0.user_id 
    where
        g1_0.id=?
Hibernate: 
    select
        c1_0.id,
        c1_0.assigned_to_id,
        c1_0.description,
        c1_0.due_date,
        c1_0.group_id,
        c1_0.status,
        c1_0.title 
    from
        chores c1_0 
    where
        c1_0.group_id=?
Hibernate: 
    select
        e1_0.id,
        e1_0.amount,
        e1_0.date,
        e1_0.description,
        e1_0.group_id,
        e1_0.paid_by_id,
        e1_0.title 
    from
        expenses e1_0 
    where
        e1_0.group_id=?
Hibernate: 
    select
        u1_0.id,
        u1_0.birthdate,
        u1_0.email,
        u1_0.name,
        u1_0.gender,
        u1_0.password,
        u1_0.profile_picture 
    from
        users u1_0 
    where
        u1_0.id=?
Hibernate: 
    select
        g1_0.id,
        g1_0.code,
        m1_0.group_id,
        m1_1.id,
        m1_1.birthdate,
        m1_1.email,
        m1_1.name,
        m1_1.gender,
        m1_1.password,
        m1_1.profile_picture,
        g1_0.name 
    from
        groups_table g1_0 
    left join
        group_members m1_0 
            on g1_0.id=m1_0.group_id 
    left join
        users m1_1 
            on m1_1.id=m1_0.user_id 
    where
        g1_0.id=?
Hibernate: 
    select
        g1_0.id,
        g1_0.code,
        m1_0.group_id,
        m1_1.id,
        m1_1.birthdate,
        m1_1.email,
        m1_1.name,
        m1_1.gender,
        m1_1.password,
        m1_1.profile_picture,
        g1_0.name 
    from
        groups_table g1_0 
    left join
        group_members m1_0 
            on g1_0.id=m1_0.group_id 
    left join
        users m1_1 
            on m1_1.id=m1_0.user_id 
    where
        g1_0.id=?
Hibernate: 
    select
        u1_0.id,
        u1_0.birthdate,
        u1_0.email,
        u1_0.name,
        u1_0.gender,
        u1_0.password,
        u1_0.profile_picture 
    from
        users u1_0 
    where
        u1_0.email=?
Hibernate: 
    select
        u1_0.id,
        u1_0.birthdate,
        u1_0.email,
        u1_0.name,
        u1_0.gender,
        u1_0.password,
        u1_0.profile_picture 
    from
        users u1_0 
    where
        u1_0.id=?
Hibernate: 
    select
        u1_0.id,
        u1_0.birthdate,
        u1_0.email,
        u1_0.name,
        u1_0.gender,
        u1_0.password,
        u1_0.profile_picture 
    from
        users u1_0 
    where
        u1_0.id=?
Hibernate: 
    select
        g1_0.id,
        g1_0.code,
        g1_0.name 
    from
        groups_table g1_0
Hibernate: 
    select
        n1_0.id,
        n1_0.created_at,
        n1_0.group_id,
        n1_0.recipient_id,
        n1_0.sender_id,
        n1_0.status,
        n1_0.type 
    from
        notifications n1_0 
    where
        n1_0.recipient_id=? 
    order by
        n1_0.created_at desc
Hibernate: 
    select
        g1_0.id,
        g1_0.code,
        m1_0.group_id,
        m1_1.id,
        m1_1.birthdate,
        m1_1.email,
        m1_1.name,
        m1_1.gender,
        m1_1.password,
        m1_1.profile_picture,
        g1_0.name 
    from
        groups_table g1_0 
    left join
        group_members m1_0 
            on g1_0.id=m1_0.group_id 
    left join
        users m1_1 
            on m1_1.id=m1_0.user_id 
    where
        g1_0.id=?
Hibernate: 
    select
        m1_0.group_id,
        m1_1.id,
        m1_1.birthdate,
        m1_1.email,
        m1_1.name,
        m1_1.gender,
        m1_1.password,
        m1_1.profile_picture 
    from
        group_members m1_0 
    join
        users m1_1 
            on m1_1.id=m1_0.user_id 
    where
        m1_0.group_id=?
Hibernate: 
    select
        n1_0.id,
        n1_0.created_at,
        g1_0.id,
        g1_0.code,
        m1_0.group_id,
        m1_1.id,
        m1_1.birthdate,
        m1_1.email,
        m1_1.name,
        m1_1.gender,
        m1_1.password,
        m1_1.profile_picture,
        g1_0.name,
        n1_0.recipient_id,
        r1_0.id,
        r1_0.birthdate,
        r1_0.email,
        r1_0.name,
        r1_0.gender,
        r1_0.password,
        r1_0.profile_picture,
        n1_0.sender_id,
        s1_0.id,
        s1_0.birthdate,
        s1_0.email,
        s1_0.name,
        s1_0.gender,
        s1_0.password,
        s1_0.profile_picture,
        n1_0.status,
        n1_0.type 
    from
        notifications n1_0 
    left join
        groups_table g1_0 
            on g1_0.id=n1_0.group_id 
    left join
        group_members m1_0 
            on g1_0.id=m1_0.group_id 
    left join
        users m1_1 
            on m1_1.id=m1_0.user_id 
    join
        users r1_0 
            on r1_0.id=n1_0.recipient_id 
    join
        users s1_0 
            on s1_0.id=n1_0.sender_id 
    where
        n1_0.id=?
Hibernate: 
    update
        notifications 
    set
        created_at=?,
        group_id=?,
        recipient_id=?,
        sender_id=?,
        status=?,
        type=? 
    where
        id=?
Hibernate: 
    insert 
    into
        group_members
        (group_id, user_id) 
    values
        (?, ?)
Hibernate: 
    select
        u1_0.id,
        u1_0.birthdate,
        u1_0.email,
        u1_0.name,
        u1_0.gender,
        u1_0.password,
        u1_0.profile_picture 
    from
        users u1_0 
    where
        u1_0.id=?
Hibernate: 
    select
        u1_0.id,
        u1_0.birthdate,
        u1_0.email,
        u1_0.name,
        u1_0.gender,
        u1_0.password,
        u1_0.profile_picture 
    from
        users u1_0 
    where
        u1_0.id=?
Hibernate: 
    select
        g1_0.id,
        g1_0.code,
        g1_0.name 
    from
        groups_table g1_0
Hibernate: 
    select
        n1_0.id,
        n1_0.created_at,
        n1_0.group_id,
        n1_0.recipient_id,
        n1_0.sender_id,
        n1_0.status,
        n1_0.type 
    from
        notifications n1_0 
    where
        n1_0.recipient_id=? 
    order by
        n1_0.created_at desc
Hibernate: 
    select
        g1_0.id,
        g1_0.code,
        m1_0.group_id,
        m1_1.id,
        m1_1.birthdate,
        m1_1.email,
        m1_1.name,
        m1_1.gender,
        m1_1.password,
        m1_1.profile_picture,
        g1_0.name 
    from
        groups_table g1_0 
    left join
        group_members m1_0 
            on g1_0.id=m1_0.group_id 
    left join
        users m1_1 
            on m1_1.id=m1_0.user_id 
    where
        g1_0.id=?
Hibernate: 
    select
        m1_0.group_id,
        m1_1.id,
        m1_1.birthdate,
        m1_1.email,
        m1_1.name,
        m1_1.gender,
        m1_1.password,
        m1_1.profile_picture 
    from
        group_members m1_0 
    join
        users m1_1 
            on m1_1.id=m1_0.user_id 
    where
        m1_0.group_id=?
Hibernate: 
    select
        c1_0.id,
        c1_0.assigned_to_id,
        c1_0.description,
        c1_0.due_date,
        c1_0.group_id,
        c1_0.status,
        c1_0.title 
    from
        chores c1_0 
    where
        c1_0.group_id=?
Hibernate: 
    select
        e1_0.id,
        e1_0.amount,
        e1_0.date,
        e1_0.description,
        e1_0.group_id,
        e1_0.paid_by_id,
        e1_0.title 
    from
        expenses e1_0 
    where
        e1_0.group_id=?
Hibernate: 
    select
        u1_0.id,
        u1_0.birthdate,
        u1_0.email,
        u1_0.name,
        u1_0.gender,
        u1_0.password,
        u1_0.profile_picture 
    from
        users u1_0 
    where
        u1_0.id=?
Hibernate: 
    select
        g1_0.id,
        g1_0.code,
        m1_0.group_id,
        m1_1.id,
        m1_1.birthdate,
        m1_1.email,
        m1_1.name,
        m1_1.gender,
        m1_1.password,
        m1_1.profile_picture,
        g1_0.name 
    from
        groups_table g1_0 
    left join
        group_members m1_0 
            on g1_0.id=m1_0.group_id 
    left join
        users m1_1 
            on m1_1.id=m1_0.user_id 
    where
        g1_0.id=?
Hibernate: 
    select
        g1_0.id,
        g1_0.code,
        m1_0.group_id,
        m1_1.id,
        m1_1.birthdate,
        m1_1.email,
        m1_1.name,
        m1_1.gender,
        m1_1.password,
        m1_1.profile_picture,
        g1_0.name 
    from
        groups_table g1_0 
    left join
        group_members m1_0 
            on g1_0.id=m1_0.group_id 
    left join
        users m1_1 
            on m1_1.id=m1_0.user_id 
    where
        g1_0.id=?
Hibernate: 
    select
        c1_0.id,
        at1_0.id,
        at1_0.birthdate,
        at1_0.email,
        at1_0.name,
        at1_0.gender,
        at1_0.password,
        at1_0.profile_picture,
        c1_0.description,
        c1_0.due_date,
        c1_0.group_id,
        g1_0.id,
        g1_0.code,
        m1_0.group_id,
        m1_1.id,
        m1_1.birthdate,
        m1_1.email,
        m1_1.name,
        m1_1.gender,
        m1_1.password,
        m1_1.profile_picture,
        g1_0.name,
        c1_0.status,
        c1_0.title 
    from
        chores c1_0 
    left join
        users at1_0 
            on at1_0.id=c1_0.assigned_to_id 
    join
        groups_table g1_0 
            on g1_0.id=c1_0.group_id 
    left join
        group_members m1_0 
            on g1_0.id=m1_0.group_id 
    left join
        users m1_1 
            on m1_1.id=m1_0.user_id 
    where
        c1_0.id=?
Hibernate: 
    delete 
    from
        chores 
    where
        id=?
Hibernate: 
    select
        c1_0.id,
        at1_0.id,
        at1_0.birthdate,
        at1_0.email,
        at1_0.name,
        at1_0.gender,
        at1_0.password,
        at1_0.profile_picture,
        c1_0.description,
        c1_0.due_date,
        c1_0.group_id,
        g1_0.id,
        g1_0.code,
        m1_0.group_id,
        m1_1.id,
        m1_1.birthdate,
        m1_1.email,
        m1_1.name,
        m1_1.gender,
        m1_1.password,
        m1_1.profile_picture,
        g1_0.name,
        c1_0.status,
        c1_0.title 
    from
        chores c1_0 
    left join
        users at1_0 
            on at1_0.id=c1_0.assigned_to_id 
    join
        groups_table g1_0 
            on g1_0.id=c1_0.group_id 
    left join
        group_members m1_0 
            on g1_0.id=m1_0.group_id 
    left join
        users m1_1 
            on m1_1.id=m1_0.user_id 
    where
        c1_0.id=?
Hibernate: 
    delete 
    from
        chores 
    where
        id=?
Hibernate: 
    select
        c1_0.id,
        at1_0.id,
        at1_0.birthdate,
        at1_0.email,
        at1_0.name,
        at1_0.gender,
        at1_0.password,
        at1_0.profile_picture,
        c1_0.description,
        c1_0.due_date,
        c1_0.group_id,
        g1_0.id,
        g1_0.code,
        m1_0.group_id,
        m1_1.id,
        m1_1.birthdate,
        m1_1.email,
        m1_1.name,
        m1_1.gender,
        m1_1.password,
        m1_1.profile_picture,
        g1_0.name,
        c1_0.status,
        c1_0.title 
    from
        chores c1_0 
    left join
        users at1_0 
            on at1_0.id=c1_0.assigned_to_id 
    join
        groups_table g1_0 
            on g1_0.id=c1_0.group_id 
    left join
        group_members m1_0 
            on g1_0.id=m1_0.group_id 
    left join
        users m1_1 
            on m1_1.id=m1_0.user_id 
    where
        c1_0.id=?
Hibernate: 
    delete 
    from
        chores 
    where
        id=?
Hibernate: 
    select
        u1_0.id,
        u1_0.birthdate,
        u1_0.email,
        u1_0.name,
        u1_0.gender,
        u1_0.password,
        u1_0.profile_picture 
    from
        users u1_0 
    where
        u1_0.id=?
Hibernate: 
    select
        n1_0.id,
        n1_0.created_at,
        n1_0.group_id,
        n1_0.recipient_id,
        n1_0.sender_id,
        n1_0.status,
        n1_0.type 
    from
        notifications n1_0 
    where
        n1_0.recipient_id=? 
    order by
        n1_0.created_at desc
Hibernate: 
    select
        g1_0.id,
        g1_0.code,
        m1_0.group_id,
        m1_1.id,
        m1_1.birthdate,
        m1_1.email,
        m1_1.name,
        m1_1.gender,
        m1_1.password,
        m1_1.profile_picture,
        g1_0.name 
    from
        groups_table g1_0 
    left join
        group_members m1_0 
            on g1_0.id=m1_0.group_id 
    left join
        users m1_1 
            on m1_1.id=m1_0.user_id 
    where
        g1_0.id=?
Hibernate: 
    select
        g1_0.id,
        g1_0.code,
        m1_0.group_id,
        m1_1.id,
        m1_1.birthdate,
        m1_1.email,
        m1_1.name,
        m1_1.gender,
        m1_1.password,
        m1_1.profile_picture,
        g1_0.name 
    from
        groups_table g1_0 
    left join
        group_members m1_0 
            on g1_0.id=m1_0.group_id 
    left join
        users m1_1 
            on m1_1.id=m1_0.user_id 
    where
        g1_0.id=?
Hibernate: 
    insert 
    into
        chores
        (assigned_to_id, description, due_date, group_id, status, title) 
    values
        (?, ?, ?, ?, ?, ?)
Hibernate: 
    select
        g1_0.id,
        g1_0.code,
        m1_0.group_id,
        m1_1.id,
        m1_1.birthdate,
        m1_1.email,
        m1_1.name,
        m1_1.gender,
        m1_1.password,
        m1_1.profile_picture,
        g1_0.name 
    from
        groups_table g1_0 
    left join
        group_members m1_0 
            on g1_0.id=m1_0.group_id 
    left join
        users m1_1 
            on m1_1.id=m1_0.user_id 
    where
        g1_0.id=?
Hibernate: 
    insert 
    into
        chores
        (assigned_to_id, description, due_date, group_id, status, title) 
    values
        (?, ?, ?, ?, ?, ?)
Hibernate: 
    insert 
    into
        notifications
        (created_at, group_id, recipient_id, sender_id, status, type) 
    values
        (?, ?, ?, ?, ?, ?)
2025-12-07T23:49:14.789+08:00  WARN 23708 --- [nio-8080-exec-2] o.h.engine.jdbc.spi.SqlExceptionHelper   : SQL Error: 1265, SQLState: 01000
2025-12-07T23:49:14.790+08:00 ERROR 23708 --- [nio-8080-exec-2] o.h.engine.jdbc.spi.SqlExceptionHelper   : Data truncated for column 'type' at row 1
2025-12-07T23:49:14.811+08:00 ERROR 23708 --- [nio-8080-exec-2] o.a.c.c.C.[.[.[/].[dispatcherServlet]    : Servlet.service() for servlet [dispatcherServlet] in context with path [] threw exception [Request processing failed: org.springframework.orm.jpa.JpaSystemException: could not execute statement [Data truncated for column 'type' at row 1] [insert into notifications (created_at,group_id,recipient_id,sender_id,status,type) values (?,?,?,?,?,?)]] with root cause

java.sql.SQLException: Data truncated for column 'type' at row 1
	at com.mysql.cj.jdbc.exceptions.SQLError.createSQLException(SQLError.java:130) ~[mysql-connector-j-8.3.0.jar:8.3.0]
	at com.mysql.cj.jdbc.exceptions.SQLExceptionsMapping.translateException(SQLExceptionsMapping.java:122) ~[mysql-connector-j-8.3.0.jar:8.3.0]
	at com.mysql.cj.jdbc.ClientPreparedStatement.executeInternal(ClientPreparedStatement.java:912) ~[mysql-connector-j-8.3.0.jar:8.3.0]
	at com.mysql.cj.jdbc.ClientPreparedStatement.executeUpdateInternal(ClientPreparedStatement.java:1054) ~[mysql-connector-j-8.3.0.jar:8.3.0]
	at com.mysql.cj.jdbc.ClientPreparedStatement.executeUpdateInternal(ClientPreparedStatement.java:1003) ~[mysql-connector-j-8.3.0.jar:8.3.0]
	at com.mysql.cj.jdbc.ClientPreparedStatement.executeLargeUpdate(ClientPreparedStatement.java:1312) ~[mysql-connector-j-8.3.0.jar:8.3.0]
	at com.mysql.cj.jdbc.ClientPreparedStatement.executeUpdate(ClientPreparedStatement.java:988) ~[mysql-connector-j-8.3.0.jar:8.3.0]
	at com.zaxxer.hikari.pool.ProxyPreparedStatement.executeUpdate(ProxyPreparedStatement.java:61) ~[HikariCP-5.1.0.jar:na]
	at com.zaxxer.hikari.pool.HikariProxyPreparedStatement.executeUpdate(HikariProxyPreparedStatement.java) ~[HikariCP-5.1.0.jar:na]
	at org.hibernate.engine.jdbc.internal.ResultSetReturnImpl.executeUpdate(ResultSetReturnImpl.java:194) ~[hibernate-core-6.5.2.Final.jar:6.5.2.Final]
	at org.hibernate.id.insert.GetGeneratedKeysDelegate.performMutation(GetGeneratedKeysDelegate.java:116) ~[hibernate-core-6.5.2.Final.jar:6.5.2.Final]
	at org.hibernate.engine.jdbc.mutation.internal.MutationExecutorSingleNonBatched.performNonBatchedOperations(MutationExecutorSingleNonBatched.java:47) ~[hibernate-core-6.5.2.Final.jar:6.5.2.Final]
	at org.hibernate.engine.jdbc.mutation.internal.AbstractMutationExecutor.execute(AbstractMutationExecutor.java:55) ~[hibernate-core-6.5.2.Final.jar:6.5.2.Final]
	at org.hibernate.persister.entity.mutation.InsertCoordinatorStandard.doStaticInserts(InsertCoordinatorStandard.java:194) ~[hibernate-core-6.5.2.Final.jar:6.5.2.Final]
	at org.hibernate.persister.entity.mutation.InsertCoordinatorStandard.coordinateInsert(InsertCoordinatorStandard.java:132) ~[hibernate-core-6.5.2.Final.jar:6.5.2.Final]
	at org.hibernate.persister.entity.mutation.InsertCoordinatorStandard.insert(InsertCoordinatorStandard.java:95) ~[hibernate-core-6.5.2.Final.jar:6.5.2.Final]
	at org.hibernate.action.internal.EntityIdentityInsertAction.execute(EntityIdentityInsertAction.java:85) ~[hibernate-core-6.5.2.Final.jar:6.5.2.Final]
	at org.hibernate.engine.spi.ActionQueue.execute(ActionQueue.java:670) ~[hibernate-core-6.5.2.Final.jar:6.5.2.Final]
	at org.hibernate.engine.spi.ActionQueue.addResolvedEntityInsertAction(ActionQueue.java:291) ~[hibernate-core-6.5.2.Final.jar:6.5.2.Final]
	at org.hibernate.engine.spi.ActionQueue.addInsertAction(ActionQueue.java:272) ~[hibernate-core-6.5.2.Final.jar:6.5.2.Final]
	at org.hibernate.engine.spi.ActionQueue.addAction(ActionQueue.java:322) ~[hibernate-core-6.5.2.Final.jar:6.5.2.Final]
	at org.hibernate.event.internal.AbstractSaveEventListener.addInsertAction(AbstractSaveEventListener.java:391) ~[hibernate-core-6.5.2.Final.jar:6.5.2.Final]
	at org.hibernate.event.internal.AbstractSaveEventListener.performSaveOrReplicate(AbstractSaveEventListener.java:305) ~[hibernate-core-6.5.2.Final.jar:6.5.2.Final]
	at org.hibernate.event.internal.AbstractSaveEventListener.performSave(AbstractSaveEventListener.java:224) ~[hibernate-core-6.5.2.Final.jar:6.5.2.Final]
	at org.hibernate.event.internal.AbstractSaveEventListener.saveWithGeneratedId(AbstractSaveEventListener.java:137) ~[hibernate-core-6.5.2.Final.jar:6.5.2.Final]
	at org.hibernate.event.internal.DefaultPersistEventListener.entityIsTransient(DefaultPersistEventListener.java:175) ~[hibernate-core-6.5.2.Final.jar:6.5.2.Final]
	at org.hibernate.event.internal.DefaultPersistEventListener.persist(DefaultPersistEventListener.java:93) ~[hibernate-core-6.5.2.Final.jar:6.5.2.Final]
	at org.hibernate.event.internal.DefaultPersistEventListener.onPersist(DefaultPersistEventListener.java:77) ~[hibernate-core-6.5.2.Final.jar:6.5.2.Final]
	at org.hibernate.event.internal.DefaultPersistEventListener.onPersist(DefaultPersistEventListener.java:54) ~[hibernate-core-6.5.2.Final.jar:6.5.2.Final]
	at org.hibernate.event.service.internal.EventListenerGroupImpl.fireEventOnEachListener(EventListenerGroupImpl.java:127) ~[hibernate-core-6.5.2.Final.jar:6.5.2.Final]
	at org.hibernate.internal.SessionImpl.firePersist(SessionImpl.java:757) ~[hibernate-core-6.5.2.Final.jar:6.5.2.Final]
	at org.hibernate.internal.SessionImpl.persist(SessionImpl.java:741) ~[hibernate-core-6.5.2.Final.jar:6.5.2.Final]
	at java.base/jdk.internal.reflect.DirectMethodHandleAccessor.invoke(DirectMethodHandleAccessor.java:103) ~[na:na]
	at java.base/java.lang.reflect.Method.invoke(Method.java:580) ~[na:na]
	at org.springframework.orm.jpa.ExtendedEntityManagerCreator$ExtendedEntityManagerInvocationHandler.invoke(ExtendedEntityManagerCreator.java:364) ~[spring-orm-6.1.12.jar:6.1.12]
	at jdk.proxy4/jdk.proxy4.$Proxy127.persist(Unknown Source) ~[na:na]
	at java.base/jdk.internal.reflect.DirectMethodHandleAccessor.invoke(DirectMethodHandleAccessor.java:103) ~[na:na]
	at java.base/java.lang.reflect.Method.invoke(Method.java:580) ~[na:na]
	at org.springframework.orm.jpa.SharedEntityManagerCreator$SharedEntityManagerInvocationHandler.invoke(SharedEntityManagerCreator.java:319) ~[spring-orm-6.1.12.jar:6.1.12]
	at jdk.proxy4/jdk.proxy4.$Proxy127.persist(Unknown Source) ~[na:na]
	at org.springframework.data.jpa.repository.support.SimpleJpaRepository.save(SimpleJpaRepository.java:625) ~[spring-data-jpa-3.3.3.jar:3.3.3]
	at java.base/jdk.internal.reflect.DirectMethodHandleAccessor.invoke(DirectMethodHandleAccessor.java:103) ~[na:na]
	at java.base/java.lang.reflect.Method.invoke(Method.java:580) ~[na:na]
	at org.springframework.aop.support.AopUtils.invokeJoinpointUsingReflection(AopUtils.java:355) ~[spring-aop-6.1.12.jar:6.1.12]
	at org.springframework.data.repository.core.support.RepositoryMethodInvoker$RepositoryFragmentMethodInvoker.lambda$new$0(RepositoryMethodInvoker.java:277) ~[spring-data-commons-3.3.3.jar:3.3.3]
	at org.springframework.data.repository.core.support.RepositoryMethodInvoker.doInvoke(RepositoryMethodInvoker.java:170) ~[spring-data-commons-3.3.3.jar:3.3.3]
	at org.springframework.data.repository.core.support.RepositoryMethodInvoker.invoke(RepositoryMethodInvoker.java:158) ~[spring-data-commons-3.3.3.jar:3.3.3]
	at org.springframework.data.repository.core.support.RepositoryComposition$RepositoryFragments.invoke(RepositoryComposition.java:516) ~[spring-data-commons-3.3.3.jar:3.3.3]
	at org.springframework.data.repository.core.support.RepositoryComposition.invoke(RepositoryComposition.java:285) ~[spring-data-commons-3.3.3.jar:3.3.3]
	at org.springframework.data.repository.core.support.RepositoryFactorySupport$ImplementationMethodExecutionInterceptor.invoke(RepositoryFactorySupport.java:628) ~[spring-data-commons-3.3.3.jar:3.3.3]
	at org.springframework.aop.framework.ReflectiveMethodInvocation.proceed(ReflectiveMethodInvocation.java:184) ~[spring-aop-6.1.12.jar:6.1.12]
	at org.springframework.data.repository.core.support.QueryExecutorMethodInterceptor.doInvoke(QueryExecutorMethodInterceptor.java:173) ~[spring-data-commons-3.3.3.jar:3.3.3]
	at org.springframework.data.repository.core.support.QueryExecutorMethodInterceptor.invoke(QueryExecutorMethodInterceptor.java:148) ~[spring-data-commons-3.3.3.jar:3.3.3]
	at org.springframework.aop.framework.ReflectiveMethodInvocation.proceed(ReflectiveMethodInvocation.java:184) ~[spring-aop-6.1.12.jar:6.1.12]
	at org.springframework.data.projection.DefaultMethodInvokingMethodInterceptor.invoke(DefaultMethodInvokingMethodInterceptor.java:70) ~[spring-data-commons-3.3.3.jar:3.3.3]
	at org.springframework.aop.framework.ReflectiveMethodInvocation.proceed(ReflectiveMethodInvocation.java:184) ~[spring-aop-6.1.12.jar:6.1.12]
	at org.springframework.transaction.interceptor.TransactionAspectSupport.invokeWithinTransaction(TransactionAspectSupport.java:379) ~[spring-tx-6.1.12.jar:6.1.12]
	at org.springframework.transaction.interceptor.TransactionInterceptor.invoke(TransactionInterceptor.java:119) ~[spring-tx-6.1.12.jar:6.1.12]
	at org.springframework.aop.framework.ReflectiveMethodInvocation.proceed(ReflectiveMethodInvocation.java:184) ~[spring-aop-6.1.12.jar:6.1.12]
	at org.springframework.dao.support.PersistenceExceptionTranslationInterceptor.invoke(PersistenceExceptionTranslationInterceptor.java:138) ~[spring-tx-6.1.12.jar:6.1.12]
	at org.springframework.aop.framework.ReflectiveMethodInvocation.proceed(ReflectiveMethodInvocation.java:184) ~[spring-aop-6.1.12.jar:6.1.12]
	at org.springframework.data.jpa.repository.support.CrudMethodMetadataPostProcessor$CrudMethodMetadataPopulatingMethodInterceptor.invoke(CrudMethodMetadataPostProcessor.java:165) ~[spring-data-jpa-3.3.3.jar:3.3.3]
	at org.springframework.aop.framework.ReflectiveMethodInvocation.proceed(ReflectiveMethodInvocation.java:184) ~[spring-aop-6.1.12.jar:6.1.12]
	at org.springframework.aop.interceptor.ExposeInvocationInterceptor.invoke(ExposeInvocationInterceptor.java:97) ~[spring-aop-6.1.12.jar:6.1.12]
	at org.springframework.aop.framework.ReflectiveMethodInvocation.proceed(ReflectiveMethodInvocation.java:184) ~[spring-aop-6.1.12.jar:6.1.12]
	at org.springframework.aop.framework.JdkDynamicAopProxy.invoke(JdkDynamicAopProxy.java:223) ~[spring-aop-6.1.12.jar:6.1.12]
	at jdk.proxy4/jdk.proxy4.$Proxy136.save(Unknown Source) ~[na:na]
	at com.example.mzp.fairshare1.services.NotificationService.sendChoreNotification(NotificationService.java:112) ~[classes/:na]
	at com.example.mzp.fairshare1.controller.ChoreController.lambda$0(ChoreController.java:66) ~[classes/:na]
	at java.base/java.util.Optional.ifPresent(Optional.java:178) ~[na:na]
	at com.example.mzp.fairshare1.controller.ChoreController.createChore(ChoreController.java:65) ~[classes/:na]
	at java.base/jdk.internal.reflect.DirectMethodHandleAccessor.invoke(DirectMethodHandleAccessor.java:103) ~[na:na]
	at java.base/java.lang.reflect.Method.invoke(Method.java:580) ~[na:na]
	at org.springframework.web.method.support.InvocableHandlerMethod.doInvoke(InvocableHandlerMethod.java:255) ~[spring-web-6.1.12.jar:6.1.12]
	at org.springframework.web.method.support.InvocableHandlerMethod.invokeForRequest(InvocableHandlerMethod.java:188) ~[spring-web-6.1.12.jar:6.1.12]
	at org.springframework.web.servlet.mvc.method.annotation.ServletInvocableHandlerMethod.invokeAndHandle(ServletInvocableHandlerMethod.java:118) ~[spring-webmvc-6.1.12.jar:6.1.12]
	at org.springframework.web.servlet.mvc.method.annotation.RequestMappingHandlerAdapter.invokeHandlerMethod(RequestMappingHandlerAdapter.java:926) ~[spring-webmvc-6.1.12.jar:6.1.12]
	at org.springframework.web.servlet.mvc.method.annotation.RequestMappingHandlerAdapter.handleInternal(RequestMappingHandlerAdapter.java:831) ~[spring-webmvc-6.1.12.jar:6.1.12]
	at org.springframework.web.servlet.mvc.method.AbstractHandlerMethodAdapter.handle(AbstractHandlerMethodAdapter.java:87) ~[spring-webmvc-6.1.12.jar:6.1.12]
	at org.springframework.web.servlet.DispatcherServlet.doDispatch(DispatcherServlet.java:1089) ~[spring-webmvc-6.1.12.jar:6.1.12]
	at org.springframework.web.servlet.DispatcherServlet.doService(DispatcherServlet.java:979) ~[spring-webmvc-6.1.12.jar:6.1.12]
	at org.springframework.web.servlet.FrameworkServlet.processRequest(FrameworkServlet.java:1014) ~[spring-webmvc-6.1.12.jar:6.1.12]
	at org.springframework.web.servlet.FrameworkServlet.doPost(FrameworkServlet.java:914) ~[spring-webmvc-6.1.12.jar:6.1.12]
	at jakarta.servlet.http.HttpServlet.service(HttpServlet.java:590) ~[tomcat-embed-core-10.1.28.jar:6.0]
	at org.springframework.web.servlet.FrameworkServlet.service(FrameworkServlet.java:885) ~[spring-webmvc-6.1.12.jar:6.1.12]
	at jakarta.servlet.http.HttpServlet.service(HttpServlet.java:658) ~[tomcat-embed-core-10.1.28.jar:6.0]
	at org.apache.catalina.core.ApplicationFilterChain.internalDoFilter(ApplicationFilterChain.java:195) ~[tomcat-embed-core-10.1.28.jar:10.1.28]
	at org.apache.catalina.core.ApplicationFilterChain.doFilter(ApplicationFilterChain.java:140) ~[tomcat-embed-core-10.1.28.jar:10.1.28]
	at org.apache.tomcat.websocket.server.WsFilter.doFilter(WsFilter.java:51) ~[tomcat-embed-websocket-10.1.28.jar:10.1.28]
	at org.apache.catalina.core.ApplicationFilterChain.internalDoFilter(ApplicationFilterChain.java:164) ~[tomcat-embed-core-10.1.28.jar:10.1.28]
	at org.apache.catalina.core.ApplicationFilterChain.doFilter(ApplicationFilterChain.java:140) ~[tomcat-embed-core-10.1.28.jar:10.1.28]
	at org.springframework.web.filter.RequestContextFilter.doFilterInternal(RequestContextFilter.java:100) ~[spring-web-6.1.12.jar:6.1.12]
	at org.springframework.web.filter.OncePerRequestFilter.doFilter(OncePerRequestFilter.java:116) ~[spring-web-6.1.12.jar:6.1.12]
	at org.apache.catalina.core.ApplicationFilterChain.internalDoFilter(ApplicationFilterChain.java:164) ~[tomcat-embed-core-10.1.28.jar:10.1.28]
	at org.apache.catalina.core.ApplicationFilterChain.doFilter(ApplicationFilterChain.java:140) ~[tomcat-embed-core-10.1.28.jar:10.1.28]
	at org.springframework.web.filter.FormContentFilter.doFilterInternal(FormContentFilter.java:93) ~[spring-web-6.1.12.jar:6.1.12]
	at org.springframework.web.filter.OncePerRequestFilter.doFilter(OncePerRequestFilter.java:116) ~[spring-web-6.1.12.jar:6.1.12]
	at org.apache.catalina.core.ApplicationFilterChain.internalDoFilter(ApplicationFilterChain.java:164) ~[tomcat-embed-core-10.1.28.jar:10.1.28]
	at org.apache.catalina.core.ApplicationFilterChain.doFilter(ApplicationFilterChain.java:140) ~[tomcat-embed-core-10.1.28.jar:10.1.28]
	at org.springframework.web.filter.CharacterEncodingFilter.doFilterInternal(CharacterEncodingFilter.java:201) ~[spring-web-6.1.12.jar:6.1.12]
	at org.springframework.web.filter.OncePerRequestFilter.doFilter(OncePerRequestFilter.java:116) ~[spring-web-6.1.12.jar:6.1.12]
	at org.apache.catalina.core.ApplicationFilterChain.internalDoFilter(ApplicationFilterChain.java:164) ~[tomcat-embed-core-10.1.28.jar:10.1.28]
	at org.apache.catalina.core.ApplicationFilterChain.doFilter(ApplicationFilterChain.java:140) ~[tomcat-embed-core-10.1.28.jar:10.1.28]
	at org.apache.catalina.core.StandardWrapperValve.invoke(StandardWrapperValve.java:167) ~[tomcat-embed-core-10.1.28.jar:10.1.28]
	at org.apache.catalina.core.StandardContextValve.invoke(StandardContextValve.java:90) ~[tomcat-embed-core-10.1.28.jar:10.1.28]
	at org.apache.catalina.authenticator.AuthenticatorBase.invoke(AuthenticatorBase.java:483) ~[tomcat-embed-core-10.1.28.jar:10.1.28]
	at org.apache.catalina.core.StandardHostValve.invoke(StandardHostValve.java:115) ~[tomcat-embed-core-10.1.28.jar:10.1.28]
	at org.apache.catalina.valves.ErrorReportValve.invoke(ErrorReportValve.java:93) ~[tomcat-embed-core-10.1.28.jar:10.1.28]
	at org.apache.catalina.core.StandardEngineValve.invoke(StandardEngineValve.java:74) ~[tomcat-embed-core-10.1.28.jar:10.1.28]
	at org.apache.catalina.connector.CoyoteAdapter.service(CoyoteAdapter.java:344) ~[tomcat-embed-core-10.1.28.jar:10.1.28]
	at org.apache.coyote.http11.Http11Processor.service(Http11Processor.java:384) ~[tomcat-embed-core-10.1.28.jar:10.1.28]
	at org.apache.coyote.AbstractProcessorLight.process(AbstractProcessorLight.java:63) ~[tomcat-embed-core-10.1.28.jar:10.1.28]
	at org.apache.coyote.AbstractProtocol$ConnectionHandler.process(AbstractProtocol.java:904) ~[tomcat-embed-core-10.1.28.jar:10.1.28]
	at org.apache.tomcat.util.net.NioEndpoint$SocketProcessor.doRun(NioEndpoint.java:1741) ~[tomcat-embed-core-10.1.28.jar:10.1.28]
	at org.apache.tomcat.util.net.SocketProcessorBase.run(SocketProcessorBase.java:52) ~[tomcat-embed-core-10.1.28.jar:10.1.28]
	at org.apache.tomcat.util.threads.ThreadPoolExecutor.runWorker(ThreadPoolExecutor.java:1190) ~[tomcat-embed-core-10.1.28.jar:10.1.28]
	at org.apache.tomcat.util.threads.ThreadPoolExecutor$Worker.run(ThreadPoolExecutor.java:659) ~[tomcat-embed-core-10.1.28.jar:10.1.28]
	at org.apache.tomcat.util.threads.TaskThread$WrappingRunnable.run(TaskThread.java:63) ~[tomcat-embed-core-10.1.28.jar:10.1.28]
	at java.base/java.lang.Thread.run(Thread.java:1575) ~[na:na]

Hibernate: 
    select
        u1_0.id,
        u1_0.birthdate,
        u1_0.email,
        u1_0.name,
        u1_0.gender,
        u1_0.password,
        u1_0.profile_picture 
    from
        users u1_0 
    where
        u1_0.id=?
Hibernate: 
    select
        n1_0.id,
        n1_0.created_at,
        n1_0.group_id,
        n1_0.recipient_id,
        n1_0.sender_id,
        n1_0.status,
        n1_0.type 
    from
        notifications n1_0 
    where
        n1_0.recipient_id=? 
    order by
        n1_0.created_at desc
Hibernate: 
    select
        g1_0.id,
        g1_0.code,
        m1_0.group_id,
        m1_1.id,
        m1_1.birthdate,
        m1_1.email,
        m1_1.name,
        m1_1.gender,
        m1_1.password,
        m1_1.profile_picture,
        g1_0.name 
    from
        groups_table g1_0 
    left join
        group_members m1_0 
            on g1_0.id=m1_0.group_id 
    left join
        users m1_1 
            on m1_1.id=m1_0.user_id 
    where
        g1_0.id=?
Hibernate: 
    select
        g1_0.id,
        g1_0.code,
        m1_0.group_id,
        m1_1.id,
        m1_1.birthdate,
        m1_1.email,
        m1_1.name,
        m1_1.gender,
        m1_1.password,
        m1_1.profile_picture,
        g1_0.name 
    from
        groups_table g1_0 
    left join
        group_members m1_0 
            on g1_0.id=m1_0.group_id 
    left join
        users m1_1 
            on m1_1.id=m1_0.user_id 
    where
        g1_0.id=?
Hibernate: 
    insert 
    into
        chores
        (assigned_to_id, description, due_date, group_id, status, title) 
    values
        (?, ?, ?, ?, ?, ?)
Hibernate: 
    select
        g1_0.id,
        g1_0.code,
        m1_0.group_id,
        m1_1.id,
        m1_1.birthdate,
        m1_1.email,
        m1_1.name,
        m1_1.gender,
        m1_1.password,
        m1_1.profile_picture,
        g1_0.name 
    from
        groups_table g1_0 
    left join
        group_members m1_0 
            on g1_0.id=m1_0.group_id 
    left join
        users m1_1 
            on m1_1.id=m1_0.user_id 
    where
        g1_0.id=?
Hibernate: 
    insert 
    into
        chores
        (assigned_to_id, description, due_date, group_id, status, title) 
    values
        (?, ?, ?, ?, ?, ?)
Hibernate: 
    insert 
    into
        notifications
        (created_at, group_id, recipient_id, sender_id, status, type) 
    values
        (?, ?, ?, ?, ?, ?)
2025-12-07T23:49:33.325+08:00  WARN 23708 --- [nio-8080-exec-1] o.h.engine.jdbc.spi.SqlExceptionHelper   : SQL Error: 1265, SQLState: 01000
2025-12-07T23:49:33.326+08:00 ERROR 23708 --- [nio-8080-exec-1] o.h.engine.jdbc.spi.SqlExceptionHelper   : Data truncated for column 'type' at row 1
2025-12-07T23:49:33.328+08:00 ERROR 23708 --- [nio-8080-exec-1] o.a.c.c.C.[.[.[/].[dispatcherServlet]    : Servlet.service() for servlet [dispatcherServlet] in context with path [] threw exception [Request processing failed: org.springframework.orm.jpa.JpaSystemException: could not execute statement [Data truncated for column 'type' at row 1] [insert into notifications (created_at,group_id,recipient_id,sender_id,status,type) values (?,?,?,?,?,?)]] with root cause

java.sql.SQLException: Data truncated for column 'type' at row 1
	at com.mysql.cj.jdbc.exceptions.SQLError.createSQLException(SQLError.java:130) ~[mysql-connector-j-8.3.0.jar:8.3.0]
	at com.mysql.cj.jdbc.exceptions.SQLExceptionsMapping.translateException(SQLExceptionsMapping.java:122) ~[mysql-connector-j-8.3.0.jar:8.3.0]
	at com.mysql.cj.jdbc.ClientPreparedStatement.executeInternal(ClientPreparedStatement.java:912) ~[mysql-connector-j-8.3.0.jar:8.3.0]
	at com.mysql.cj.jdbc.ClientPreparedStatement.executeUpdateInternal(ClientPreparedStatement.java:1054) ~[mysql-connector-j-8.3.0.jar:8.3.0]
	at com.mysql.cj.jdbc.ClientPreparedStatement.executeUpdateInternal(ClientPreparedStatement.java:1003) ~[mysql-connector-j-8.3.0.jar:8.3.0]
	at com.mysql.cj.jdbc.ClientPreparedStatement.executeLargeUpdate(ClientPreparedStatement.java:1312) ~[mysql-connector-j-8.3.0.jar:8.3.0]
	at com.mysql.cj.jdbc.ClientPreparedStatement.executeUpdate(ClientPreparedStatement.java:988) ~[mysql-connector-j-8.3.0.jar:8.3.0]
	at com.zaxxer.hikari.pool.ProxyPreparedStatement.executeUpdate(ProxyPreparedStatement.java:61) ~[HikariCP-5.1.0.jar:na]
	at com.zaxxer.hikari.pool.HikariProxyPreparedStatement.executeUpdate(HikariProxyPreparedStatement.java) ~[HikariCP-5.1.0.jar:na]
	at org.hibernate.engine.jdbc.internal.ResultSetReturnImpl.executeUpdate(ResultSetReturnImpl.java:194) ~[hibernate-core-6.5.2.Final.jar:6.5.2.Final]
	at org.hibernate.id.insert.GetGeneratedKeysDelegate.performMutation(GetGeneratedKeysDelegate.java:116) ~[hibernate-core-6.5.2.Final.jar:6.5.2.Final]
	at org.hibernate.engine.jdbc.mutation.internal.MutationExecutorSingleNonBatched.performNonBatchedOperations(MutationExecutorSingleNonBatched.java:47) ~[hibernate-core-6.5.2.Final.jar:6.5.2.Final]
	at org.hibernate.engine.jdbc.mutation.internal.AbstractMutationExecutor.execute(AbstractMutationExecutor.java:55) ~[hibernate-core-6.5.2.Final.jar:6.5.2.Final]
	at org.hibernate.persister.entity.mutation.InsertCoordinatorStandard.doStaticInserts(InsertCoordinatorStandard.java:194) ~[hibernate-core-6.5.2.Final.jar:6.5.2.Final]
	at org.hibernate.persister.entity.mutation.InsertCoordinatorStandard.coordinateInsert(InsertCoordinatorStandard.java:132) ~[hibernate-core-6.5.2.Final.jar:6.5.2.Final]
	at org.hibernate.persister.entity.mutation.InsertCoordinatorStandard.insert(InsertCoordinatorStandard.java:95) ~[hibernate-core-6.5.2.Final.jar:6.5.2.Final]
	at org.hibernate.action.internal.EntityIdentityInsertAction.execute(EntityIdentityInsertAction.java:85) ~[hibernate-core-6.5.2.Final.jar:6.5.2.Final]
	at org.hibernate.engine.spi.ActionQueue.execute(ActionQueue.java:670) ~[hibernate-core-6.5.2.Final.jar:6.5.2.Final]
	at org.hibernate.engine.spi.ActionQueue.addResolvedEntityInsertAction(ActionQueue.java:291) ~[hibernate-core-6.5.2.Final.jar:6.5.2.Final]
	at org.hibernate.engine.spi.ActionQueue.addInsertAction(ActionQueue.java:272) ~[hibernate-core-6.5.2.Final.jar:6.5.2.Final]
	at org.hibernate.engine.spi.ActionQueue.addAction(ActionQueue.java:322) ~[hibernate-core-6.5.2.Final.jar:6.5.2.Final]
	at org.hibernate.event.internal.AbstractSaveEventListener.addInsertAction(AbstractSaveEventListener.java:391) ~[hibernate-core-6.5.2.Final.jar:6.5.2.Final]
	at org.hibernate.event.internal.AbstractSaveEventListener.performSaveOrReplicate(AbstractSaveEventListener.java:305) ~[hibernate-core-6.5.2.Final.jar:6.5.2.Final]
	at org.hibernate.event.internal.AbstractSaveEventListener.performSave(AbstractSaveEventListener.java:224) ~[hibernate-core-6.5.2.Final.jar:6.5.2.Final]
	at org.hibernate.event.internal.AbstractSaveEventListener.saveWithGeneratedId(AbstractSaveEventListener.java:137) ~[hibernate-core-6.5.2.Final.jar:6.5.2.Final]
	at org.hibernate.event.internal.DefaultPersistEventListener.entityIsTransient(DefaultPersistEventListener.java:175) ~[hibernate-core-6.5.2.Final.jar:6.5.2.Final]
	at org.hibernate.event.internal.DefaultPersistEventListener.persist(DefaultPersistEventListener.java:93) ~[hibernate-core-6.5.2.Final.jar:6.5.2.Final]
	at org.hibernate.event.internal.DefaultPersistEventListener.onPersist(DefaultPersistEventListener.java:77) ~[hibernate-core-6.5.2.Final.jar:6.5.2.Final]
	at org.hibernate.event.internal.DefaultPersistEventListener.onPersist(DefaultPersistEventListener.java:54) ~[hibernate-core-6.5.2.Final.jar:6.5.2.Final]
	at org.hibernate.event.service.internal.EventListenerGroupImpl.fireEventOnEachListener(EventListenerGroupImpl.java:127) ~[hibernate-core-6.5.2.Final.jar:6.5.2.Final]
	at org.hibernate.internal.SessionImpl.firePersist(SessionImpl.java:757) ~[hibernate-core-6.5.2.Final.jar:6.5.2.Final]
	at org.hibernate.internal.SessionImpl.persist(SessionImpl.java:741) ~[hibernate-core-6.5.2.Final.jar:6.5.2.Final]
	at java.base/jdk.internal.reflect.DirectMethodHandleAccessor.invoke(DirectMethodHandleAccessor.java:103) ~[na:na]
	at java.base/java.lang.reflect.Method.invoke(Method.java:580) ~[na:na]
	at org.springframework.orm.jpa.ExtendedEntityManagerCreator$ExtendedEntityManagerInvocationHandler.invoke(ExtendedEntityManagerCreator.java:364) ~[spring-orm-6.1.12.jar:6.1.12]
	at jdk.proxy4/jdk.proxy4.$Proxy127.persist(Unknown Source) ~[na:na]
	at java.base/jdk.internal.reflect.DirectMethodHandleAccessor.invoke(DirectMethodHandleAccessor.java:103) ~[na:na]
	at java.base/java.lang.reflect.Method.invoke(Method.java:580) ~[na:na]
	at org.springframework.orm.jpa.SharedEntityManagerCreator$SharedEntityManagerInvocationHandler.invoke(SharedEntityManagerCreator.java:319) ~[spring-orm-6.1.12.jar:6.1.12]
	at jdk.proxy4/jdk.proxy4.$Proxy127.persist(Unknown Source) ~[na:na]
	at org.springframework.data.jpa.repository.support.SimpleJpaRepository.save(SimpleJpaRepository.java:625) ~[spring-data-jpa-3.3.3.jar:3.3.3]
	at java.base/jdk.internal.reflect.DirectMethodHandleAccessor.invoke(DirectMethodHandleAccessor.java:103) ~[na:na]
	at java.base/java.lang.reflect.Method.invoke(Method.java:580) ~[na:na]
	at org.springframework.aop.support.AopUtils.invokeJoinpointUsingReflection(AopUtils.java:355) ~[spring-aop-6.1.12.jar:6.1.12]
	at org.springframework.data.repository.core.support.RepositoryMethodInvoker$RepositoryFragmentMethodInvoker.lambda$new$0(RepositoryMethodInvoker.java:277) ~[spring-data-commons-3.3.3.jar:3.3.3]
	at org.springframework.data.repository.core.support.RepositoryMethodInvoker.doInvoke(RepositoryMethodInvoker.java:170) ~[spring-data-commons-3.3.3.jar:3.3.3]
	at org.springframework.data.repository.core.support.RepositoryMethodInvoker.invoke(RepositoryMethodInvoker.java:158) ~[spring-data-commons-3.3.3.jar:3.3.3]
	at org.springframework.data.repository.core.support.RepositoryComposition$RepositoryFragments.invoke(RepositoryComposition.java:516) ~[spring-data-commons-3.3.3.jar:3.3.3]
	at org.springframework.data.repository.core.support.RepositoryComposition.invoke(RepositoryComposition.java:285) ~[spring-data-commons-3.3.3.jar:3.3.3]
	at org.springframework.data.repository.core.support.RepositoryFactorySupport$ImplementationMethodExecutionInterceptor.invoke(RepositoryFactorySupport.java:628) ~[spring-data-commons-3.3.3.jar:3.3.3]
	at org.springframework.aop.framework.ReflectiveMethodInvocation.proceed(ReflectiveMethodInvocation.java:184) ~[spring-aop-6.1.12.jar:6.1.12]
	at org.springframework.data.repository.core.support.QueryExecutorMethodInterceptor.doInvoke(QueryExecutorMethodInterceptor.java:173) ~[spring-data-commons-3.3.3.jar:3.3.3]
	at org.springframework.data.repository.core.support.QueryExecutorMethodInterceptor.invoke(QueryExecutorMethodInterceptor.java:148) ~[spring-data-commons-3.3.3.jar:3.3.3]
	at org.springframework.aop.framework.ReflectiveMethodInvocation.proceed(ReflectiveMethodInvocation.java:184) ~[spring-aop-6.1.12.jar:6.1.12]
	at org.springframework.data.projection.DefaultMethodInvokingMethodInterceptor.invoke(DefaultMethodInvokingMethodInterceptor.java:70) ~[spring-data-commons-3.3.3.jar:3.3.3]
	at org.springframework.aop.framework.ReflectiveMethodInvocation.proceed(ReflectiveMethodInvocation.java:184) ~[spring-aop-6.1.12.jar:6.1.12]
	at org.springframework.transaction.interceptor.TransactionAspectSupport.invokeWithinTransaction(TransactionAspectSupport.java:379) ~[spring-tx-6.1.12.jar:6.1.12]
	at org.springframework.transaction.interceptor.TransactionInterceptor.invoke(TransactionInterceptor.java:119) ~[spring-tx-6.1.12.jar:6.1.12]
	at org.springframework.aop.framework.ReflectiveMethodInvocation.proceed(ReflectiveMethodInvocation.java:184) ~[spring-aop-6.1.12.jar:6.1.12]
	at org.springframework.dao.support.PersistenceExceptionTranslationInterceptor.invoke(PersistenceExceptionTranslationInterceptor.java:138) ~[spring-tx-6.1.12.jar:6.1.12]
	at org.springframework.aop.framework.ReflectiveMethodInvocation.proceed(ReflectiveMethodInvocation.java:184) ~[spring-aop-6.1.12.jar:6.1.12]
	at org.springframework.data.jpa.repository.support.CrudMethodMetadataPostProcessor$CrudMethodMetadataPopulatingMethodInterceptor.invoke(CrudMethodMetadataPostProcessor.java:165) ~[spring-data-jpa-3.3.3.jar:3.3.3]
	at org.springframework.aop.framework.ReflectiveMethodInvocation.proceed(ReflectiveMethodInvocation.java:184) ~[spring-aop-6.1.12.jar:6.1.12]
	at org.springframework.aop.interceptor.ExposeInvocationInterceptor.invoke(ExposeInvocationInterceptor.java:97) ~[spring-aop-6.1.12.jar:6.1.12]
	at org.springframework.aop.framework.ReflectiveMethodInvocation.proceed(ReflectiveMethodInvocation.java:184) ~[spring-aop-6.1.12.jar:6.1.12]
	at org.springframework.aop.framework.JdkDynamicAopProxy.invoke(JdkDynamicAopProxy.java:223) ~[spring-aop-6.1.12.jar:6.1.12]
	at jdk.proxy4/jdk.proxy4.$Proxy136.save(Unknown Source) ~[na:na]
	at com.example.mzp.fairshare1.services.NotificationService.sendChoreNotification(NotificationService.java:112) ~[classes/:na]
	at com.example.mzp.fairshare1.controller.ChoreController.lambda$0(ChoreController.java:66) ~[classes/:na]
	at java.base/java.util.Optional.ifPresent(Optional.java:178) ~[na:na]
	at com.example.mzp.fairshare1.controller.ChoreController.createChore(ChoreController.java:65) ~[classes/:na]
	at java.base/jdk.internal.reflect.DirectMethodHandleAccessor.invoke(DirectMethodHandleAccessor.java:103) ~[na:na]
	at java.base/java.lang.reflect.Method.invoke(Method.java:580) ~[na:na]
	at org.springframework.web.method.support.InvocableHandlerMethod.doInvoke(InvocableHandlerMethod.java:255) ~[spring-web-6.1.12.jar:6.1.12]
	at org.springframework.web.method.support.InvocableHandlerMethod.invokeForRequest(InvocableHandlerMethod.java:188) ~[spring-web-6.1.12.jar:6.1.12]
	at org.springframework.web.servlet.mvc.method.annotation.ServletInvocableHandlerMethod.invokeAndHandle(ServletInvocableHandlerMethod.java:118) ~[spring-webmvc-6.1.12.jar:6.1.12]
	at org.springframework.web.servlet.mvc.method.annotation.RequestMappingHandlerAdapter.invokeHandlerMethod(RequestMappingHandlerAdapter.java:926) ~[spring-webmvc-6.1.12.jar:6.1.12]
	at org.springframework.web.servlet.mvc.method.annotation.RequestMappingHandlerAdapter.handleInternal(RequestMappingHandlerAdapter.java:831) ~[spring-webmvc-6.1.12.jar:6.1.12]
	at org.springframework.web.servlet.mvc.method.AbstractHandlerMethodAdapter.handle(AbstractHandlerMethodAdapter.java:87) ~[spring-webmvc-6.1.12.jar:6.1.12]
	at org.springframework.web.servlet.DispatcherServlet.doDispatch(DispatcherServlet.java:1089) ~[spring-webmvc-6.1.12.jar:6.1.12]
	at org.springframework.web.servlet.DispatcherServlet.doService(DispatcherServlet.java:979) ~[spring-webmvc-6.1.12.jar:6.1.12]
	at org.springframework.web.servlet.FrameworkServlet.processRequest(FrameworkServlet.java:1014) ~[spring-webmvc-6.1.12.jar:6.1.12]
	at org.springframework.web.servlet.FrameworkServlet.doPost(FrameworkServlet.java:914) ~[spring-webmvc-6.1.12.jar:6.1.12]
	at jakarta.servlet.http.HttpServlet.service(HttpServlet.java:590) ~[tomcat-embed-core-10.1.28.jar:6.0]
	at org.springframework.web.servlet.FrameworkServlet.service(FrameworkServlet.java:885) ~[spring-webmvc-6.1.12.jar:6.1.12]
	at jakarta.servlet.http.HttpServlet.service(HttpServlet.java:658) ~[tomcat-embed-core-10.1.28.jar:6.0]
	at org.apache.catalina.core.ApplicationFilterChain.internalDoFilter(ApplicationFilterChain.java:195) ~[tomcat-embed-core-10.1.28.jar:10.1.28]
	at org.apache.catalina.core.ApplicationFilterChain.doFilter(ApplicationFilterChain.java:140) ~[tomcat-embed-core-10.1.28.jar:10.1.28]
	at org.apache.tomcat.websocket.server.WsFilter.doFilter(WsFilter.java:51) ~[tomcat-embed-websocket-10.1.28.jar:10.1.28]
	at org.apache.catalina.core.ApplicationFilterChain.internalDoFilter(ApplicationFilterChain.java:164) ~[tomcat-embed-core-10.1.28.jar:10.1.28]
	at org.apache.catalina.core.ApplicationFilterChain.doFilter(ApplicationFilterChain.java:140) ~[tomcat-embed-core-10.1.28.jar:10.1.28]
	at org.springframework.web.filter.RequestContextFilter.doFilterInternal(RequestContextFilter.java:100) ~[spring-web-6.1.12.jar:6.1.12]
	at org.springframework.web.filter.OncePerRequestFilter.doFilter(OncePerRequestFilter.java:116) ~[spring-web-6.1.12.jar:6.1.12]
	at org.apache.catalina.core.ApplicationFilterChain.internalDoFilter(ApplicationFilterChain.java:164) ~[tomcat-embed-core-10.1.28.jar:10.1.28]
	at org.apache.catalina.core.ApplicationFilterChain.doFilter(ApplicationFilterChain.java:140) ~[tomcat-embed-core-10.1.28.jar:10.1.28]
	at org.springframework.web.filter.FormContentFilter.doFilterInternal(FormContentFilter.java:93) ~[spring-web-6.1.12.jar:6.1.12]
	at org.springframework.web.filter.OncePerRequestFilter.doFilter(OncePerRequestFilter.java:116) ~[spring-web-6.1.12.jar:6.1.12]
	at org.apache.catalina.core.ApplicationFilterChain.internalDoFilter(ApplicationFilterChain.java:164) ~[tomcat-embed-core-10.1.28.jar:10.1.28]
	at org.apache.catalina.core.ApplicationFilterChain.doFilter(ApplicationFilterChain.java:140) ~[tomcat-embed-core-10.1.28.jar:10.1.28]
	at org.springframework.web.filter.CharacterEncodingFilter.doFilterInternal(CharacterEncodingFilter.java:201) ~[spring-web-6.1.12.jar:6.1.12]
	at org.springframework.web.filter.OncePerRequestFilter.doFilter(OncePerRequestFilter.java:116) ~[spring-web-6.1.12.jar:6.1.12]
	at org.apache.catalina.core.ApplicationFilterChain.internalDoFilter(ApplicationFilterChain.java:164) ~[tomcat-embed-core-10.1.28.jar:10.1.28]
	at org.apache.catalina.core.ApplicationFilterChain.doFilter(ApplicationFilterChain.java:140) ~[tomcat-embed-core-10.1.28.jar:10.1.28]
	at org.apache.catalina.core.StandardWrapperValve.invoke(StandardWrapperValve.java:167) ~[tomcat-embed-core-10.1.28.jar:10.1.28]
	at org.apache.catalina.core.StandardContextValve.invoke(StandardContextValve.java:90) ~[tomcat-embed-core-10.1.28.jar:10.1.28]
	at org.apache.catalina.authenticator.AuthenticatorBase.invoke(AuthenticatorBase.java:483) ~[tomcat-embed-core-10.1.28.jar:10.1.28]
	at org.apache.catalina.core.StandardHostValve.invoke(StandardHostValve.java:115) ~[tomcat-embed-core-10.1.28.jar:10.1.28]
	at org.apache.catalina.valves.ErrorReportValve.invoke(ErrorReportValve.java:93) ~[tomcat-embed-core-10.1.28.jar:10.1.28]
	at org.apache.catalina.core.StandardEngineValve.invoke(StandardEngineValve.java:74) ~[tomcat-embed-core-10.1.28.jar:10.1.28]
	at org.apache.catalina.connector.CoyoteAdapter.service(CoyoteAdapter.java:344) ~[tomcat-embed-core-10.1.28.jar:10.1.28]
	at org.apache.coyote.http11.Http11Processor.service(Http11Processor.java:384) ~[tomcat-embed-core-10.1.28.jar:10.1.28]
	at org.apache.coyote.AbstractProcessorLight.process(AbstractProcessorLight.java:63) ~[tomcat-embed-core-10.1.28.jar:10.1.28]
	at org.apache.coyote.AbstractProtocol$ConnectionHandler.process(AbstractProtocol.java:904) ~[tomcat-embed-core-10.1.28.jar:10.1.28]
	at org.apache.tomcat.util.net.NioEndpoint$SocketProcessor.doRun(NioEndpoint.java:1741) ~[tomcat-embed-core-10.1.28.jar:10.1.28]
	at org.apache.tomcat.util.net.SocketProcessorBase.run(SocketProcessorBase.java:52) ~[tomcat-embed-core-10.1.28.jar:10.1.28]
	at org.apache.tomcat.util.threads.ThreadPoolExecutor.runWorker(ThreadPoolExecutor.java:1190) ~[tomcat-embed-core-10.1.28.jar:10.1.28]
	at org.apache.tomcat.util.threads.ThreadPoolExecutor$Worker.run(ThreadPoolExecutor.java:659) ~[tomcat-embed-core-10.1.28.jar:10.1.28]
	at org.apache.tomcat.util.threads.TaskThread$WrappingRunnable.run(TaskThread.java:63) ~[tomcat-embed-core-10.1.28.jar:10.1.28]
	at java.base/java.lang.Thread.run(Thread.java:1575) ~[na:na]

Hibernate: 
    select
        u1_0.id,
        u1_0.birthdate,
        u1_0.email,
        u1_0.name,
        u1_0.gender,
        u1_0.password,
        u1_0.profile_picture 
    from
        users u1_0 
    where
        u1_0.id=?
Hibernate: 
    select
        n1_0.id,
        n1_0.created_at,
        n1_0.group_id,
        n1_0.recipient_id,
        n1_0.sender_id,
        n1_0.status,
        n1_0.type 
    from
        notifications n1_0 
    where
        n1_0.recipient_id=? 
    order by
        n1_0.created_at desc
Hibernate: 
    select
        g1_0.id,
        g1_0.code,
        m1_0.group_id,
        m1_1.id,
        m1_1.birthdate,
        m1_1.email,
        m1_1.name,
        m1_1.gender,
        m1_1.password,
        m1_1.profile_picture,
        g1_0.name 
    from
        groups_table g1_0 
    left join
        group_members m1_0 
            on g1_0.id=m1_0.group_id 
    left join
        users m1_1 
            on m1_1.id=m1_0.user_id 
    where
        g1_0.id=?
Hibernate: 
    select
        u1_0.id,
        u1_0.birthdate,
        u1_0.email,
        u1_0.name,
        u1_0.gender,
        u1_0.password,
        u1_0.profile_picture 
    from
        users u1_0 
    where
        u1_0.id=?
Hibernate: 
    select
        n1_0.id,
        n1_0.created_at,
        n1_0.group_id,
        n1_0.recipient_id,
        n1_0.sender_id,
        n1_0.status,
        n1_0.type 
    from
        notifications n1_0 
    where
        n1_0.recipient_id=? 
    order by
        n1_0.created_at desc
Hibernate: 
    select
        g1_0.id,
        g1_0.code,
        m1_0.group_id,
        m1_1.id,
        m1_1.birthdate,
        m1_1.email,
        m1_1.name,
        m1_1.gender,
        m1_1.password,
        m1_1.profile_picture,
        g1_0.name 
    from
        groups_table g1_0 
    left join
        group_members m1_0 
            on g1_0.id=m1_0.group_id 
    left join
        users m1_1 
            on m1_1.id=m1_0.user_id 
    where
        g1_0.id=?
